<?xml version="1.0" encoding="UTF-8"?>
<robot generator="Robot 5.0 (Python 3.10.2 on win32)" generated="20220420 12:28:22.901" rpa="false" schemaversion="3">
<suite id="s1" name="App" source="C:\Users\HP\PycharmProjects\EcommerceRobotFramework\Tests\Onestop\FunctionalTestSuite\App.robot">
<test id="s1-t1" name="User Registration Test" line="8">
<kw name="Open Browser" library="SeleniumLibrary">
<arg>${web_url}</arg>
<arg>chrome</arg>
<doc>Opens a new browser instance to the optional ``url``.</doc>
<msg timestamp="20220420 12:28:23.104" level="INFO">Opening browser 'chrome' to base url 'http://127.0.0.1:5000'.</msg>
<status status="PASS" starttime="20220420 12:28:23.103" endtime="20220420 12:28:27.035"/>
</kw>
<kw name="Maximize Browser Window" library="SeleniumLibrary">
<doc>Maximizes current browser window.</doc>
<status status="PASS" starttime="20220420 12:28:27.036" endtime="20220420 12:28:27.164"/>
</kw>
<kw name="Sleep" library="BuiltIn">
<arg>1s</arg>
<doc>Pauses the test executed for the given time.</doc>
<msg timestamp="20220420 12:28:28.167" level="INFO">Slept 1 second</msg>
<status status="PASS" starttime="20220420 12:28:27.165" endtime="20220420 12:28:28.167"/>
</kw>
<kw name="Click Element" library="SeleniumLibrary">
<arg>xpath://html/body/section/div/div/div[2]/div[3]/div/form/div/center[2]/p/a</arg>
<doc>Click the element identified by ``locator``.</doc>
<msg timestamp="20220420 12:28:28.168" level="INFO">Clicking element 'xpath://html/body/section/div/div/div[2]/div[3]/div/form/div/center[2]/p/a'.</msg>
<status status="PASS" starttime="20220420 12:28:28.168" endtime="20220420 12:28:28.630"/>
</kw>
<kw name="Test name">
<kw name="Input Text" library="SeleniumLibrary">
<arg>name:name</arg>
<arg>Dhanush</arg>
<doc>Types the given ``text`` into the text field identified by ``locator``.</doc>
<msg timestamp="20220420 12:28:28.632" level="INFO">Typing text 'Dhanush' into text field 'name:name'.</msg>
<status status="PASS" starttime="20220420 12:28:28.631" endtime="20220420 12:28:28.850"/>
</kw>
<status status="PASS" starttime="20220420 12:28:28.631" endtime="20220420 12:28:28.850"/>
</kw>
<kw name="Sleep" library="BuiltIn">
<arg>1s</arg>
<doc>Pauses the test executed for the given time.</doc>
<msg timestamp="20220420 12:28:29.852" level="INFO">Slept 1 second</msg>
<status status="PASS" starttime="20220420 12:28:28.851" endtime="20220420 12:28:29.852"/>
</kw>
<kw name="Test user age">
<kw name="Input Text" library="SeleniumLibrary">
<arg>name:age</arg>
<arg>20</arg>
<doc>Types the given ``text`` into the text field identified by ``locator``.</doc>
<msg timestamp="20220420 12:28:29.853" level="INFO">Typing text '20' into text field 'name:age'.</msg>
<status status="PASS" starttime="20220420 12:28:29.853" endtime="20220420 12:28:29.925"/>
</kw>
<status status="PASS" starttime="20220420 12:28:29.853" endtime="20220420 12:28:29.925"/>
</kw>
<kw name="Sleep" library="BuiltIn">
<arg>1s</arg>
<doc>Pauses the test executed for the given time.</doc>
<msg timestamp="20220420 12:28:30.926" level="INFO">Slept 1 second</msg>
<status status="PASS" starttime="20220420 12:28:29.925" endtime="20220420 12:28:30.926"/>
</kw>
<kw name="Test user gender">
<kw name="Click Element" library="SeleniumLibrary">
<arg>Xpath:/html/body/section/div/div/div/div/div/div[2]/div/form/table/tbody/tr[3]/td[2]/div/select</arg>
<doc>Click the element identified by ``locator``.</doc>
<msg timestamp="20220420 12:28:30.927" level="INFO">Clicking element 'Xpath:/html/body/section/div/div/div/div/div/div[2]/div/form/table/tbody/tr[3]/td[2]/div/select'.</msg>
<status status="PASS" starttime="20220420 12:28:30.926" endtime="20220420 12:28:30.980"/>
</kw>
<status status="PASS" starttime="20220420 12:28:30.926" endtime="20220420 12:28:30.981"/>
</kw>
<kw name="Sleep" library="BuiltIn">
<arg>1s</arg>
<doc>Pauses the test executed for the given time.</doc>
<msg timestamp="20220420 12:28:31.981" level="INFO">Slept 1 second</msg>
<status status="PASS" starttime="20220420 12:28:30.981" endtime="20220420 12:28:31.981"/>
</kw>
<kw name="Test select">
<kw name="Click Element" library="SeleniumLibrary">
<arg>Xpath:/html/body/section/div/div/div/div/div/div[2]/div/form/table/tbody/tr[3]/td[2]/div/select/option[2]</arg>
<doc>Click the element identified by ``locator``.</doc>
<msg timestamp="20220420 12:28:31.983" level="INFO">Clicking element 'Xpath:/html/body/section/div/div/div/div/div/div[2]/div/form/table/tbody/tr[3]/td[2]/div/select/option[2]'.</msg>
<status status="PASS" starttime="20220420 12:28:31.982" endtime="20220420 12:28:32.013"/>
</kw>
<status status="PASS" starttime="20220420 12:28:31.982" endtime="20220420 12:28:32.013"/>
</kw>
<kw name="Sleep" library="BuiltIn">
<arg>1s</arg>
<doc>Pauses the test executed for the given time.</doc>
<msg timestamp="20220420 12:28:33.013" level="INFO">Slept 1 second</msg>
<status status="PASS" starttime="20220420 12:28:32.013" endtime="20220420 12:28:33.013"/>
</kw>
<kw name="Execute Javascript" library="SeleniumLibrary">
<arg>window.scrollTo(0,900)</arg>
<doc>Executes the given JavaScript code with possible arguments.</doc>
<msg timestamp="20220420 12:28:33.014" level="INFO">Executing JavaScript:
window.scrollTo(0,900)
Without any arguments.</msg>
<status status="PASS" starttime="20220420 12:28:33.014" endtime="20220420 12:28:33.017"/>
</kw>
<kw name="Sleep" library="BuiltIn">
<arg>1s</arg>
<doc>Pauses the test executed for the given time.</doc>
<msg timestamp="20220420 12:28:34.018" level="INFO">Slept 1 second</msg>
<status status="PASS" starttime="20220420 12:28:33.018" endtime="20220420 12:28:34.018"/>
</kw>
<kw name="Test user address">
<kw name="Input Text" library="SeleniumLibrary">
<arg>name:add</arg>
<arg>Hosur</arg>
<doc>Types the given ``text`` into the text field identified by ``locator``.</doc>
<msg timestamp="20220420 12:28:34.020" level="INFO">Typing text 'Hosur' into text field 'name:add'.</msg>
<status status="PASS" starttime="20220420 12:28:34.020" endtime="20220420 12:28:34.165"/>
</kw>
<status status="PASS" starttime="20220420 12:28:34.019" endtime="20220420 12:28:34.165"/>
</kw>
<kw name="Sleep" library="BuiltIn">
<arg>1s</arg>
<doc>Pauses the test executed for the given time.</doc>
<msg timestamp="20220420 12:28:35.168" level="INFO">Slept 1 second</msg>
<status status="PASS" starttime="20220420 12:28:34.166" endtime="20220420 12:28:35.168"/>
</kw>
<kw name="Test email">
<kw name="Input Text" library="SeleniumLibrary">
<arg>name:email</arg>
<arg>3dhanushkccd@gmail.com</arg>
<doc>Types the given ``text`` into the text field identified by ``locator``.</doc>
<msg timestamp="20220420 12:28:35.171" level="INFO">Typing text '3dhanushkccd@gmail.com' into text field 'name:email'.</msg>
<status status="PASS" starttime="20220420 12:28:35.171" endtime="20220420 12:28:35.368"/>
</kw>
<status status="PASS" starttime="20220420 12:28:35.170" endtime="20220420 12:28:35.369"/>
</kw>
<kw name="Sleep" library="BuiltIn">
<arg>1s</arg>
<doc>Pauses the test executed for the given time.</doc>
<msg timestamp="20220420 12:28:36.374" level="INFO">Slept 1 second</msg>
<status status="PASS" starttime="20220420 12:28:35.373" endtime="20220420 12:28:36.374"/>
</kw>
<kw name="Test phone">
<kw name="Input Text" library="SeleniumLibrary">
<arg>name:pno</arg>
<arg>9361428388</arg>
<doc>Types the given ``text`` into the text field identified by ``locator``.</doc>
<msg timestamp="20220420 12:28:36.377" level="INFO">Typing text '9361428388' into text field 'name:pno'.</msg>
<status status="PASS" starttime="20220420 12:28:36.376" endtime="20220420 12:28:36.535"/>
</kw>
<status status="PASS" starttime="20220420 12:28:36.375" endtime="20220420 12:28:36.536"/>
</kw>
<kw name="Sleep" library="BuiltIn">
<arg>1s</arg>
<doc>Pauses the test executed for the given time.</doc>
<msg timestamp="20220420 12:28:37.538" level="INFO">Slept 1 second</msg>
<status status="PASS" starttime="20220420 12:28:36.537" endtime="20220420 12:28:37.538"/>
</kw>
<kw name="Test password">
<kw name="Input Text" library="SeleniumLibrary">
<arg>name:pass</arg>
<arg>12345</arg>
<doc>Types the given ``text`` into the text field identified by ``locator``.</doc>
<msg timestamp="20220420 12:28:37.539" level="INFO">Typing text '12345' into text field 'name:pass'.</msg>
<status status="PASS" starttime="20220420 12:28:37.539" endtime="20220420 12:28:37.627"/>
</kw>
<status status="PASS" starttime="20220420 12:28:37.539" endtime="20220420 12:28:37.627"/>
</kw>
<kw name="Sleep" library="BuiltIn">
<arg>1s</arg>
<doc>Pauses the test executed for the given time.</doc>
<msg timestamp="20220420 12:28:38.629" level="INFO">Slept 1 second</msg>
<status status="PASS" starttime="20220420 12:28:37.627" endtime="20220420 12:28:38.629"/>
</kw>
<kw name="Click Button" library="SeleniumLibrary">
<arg>Xpath:/html/body/section/div/div/div/div/div/div[2]/div/form/center/button</arg>
<doc>Clicks the button identified by ``locator``.</doc>
<msg timestamp="20220420 12:28:38.632" level="INFO">Clicking button 'Xpath:/html/body/section/div/div/div/div/div/div[2]/div/form/center/button'.</msg>
<status status="PASS" starttime="20220420 12:28:38.632" endtime="20220420 12:28:39.191"/>
</kw>
<kw name="Sleep" library="BuiltIn">
<arg>4s</arg>
<doc>Pauses the test executed for the given time.</doc>
<msg timestamp="20220420 12:28:43.197" level="INFO">Slept 4 seconds</msg>
<status status="PASS" starttime="20220420 12:28:39.196" endtime="20220420 12:28:43.197"/>
</kw>
<kw name="Close Browser" library="SeleniumLibrary">
<doc>Closes the current browser.</doc>
<status status="PASS" starttime="20220420 12:28:43.197" endtime="20220420 12:28:45.427"/>
</kw>
<doc>these is for user registration test</doc>
<tag>User</tag>
<status status="PASS" starttime="20220420 12:28:23.102" endtime="20220420 12:28:45.428"/>
</test>
<test id="s1-t2" name="Test User Login" line="38">
<kw name="Open Browser" library="SeleniumLibrary">
<arg>${web_url}</arg>
<arg>chrome</arg>
<doc>Opens a new browser instance to the optional ``url``.</doc>
<msg timestamp="20220420 12:28:45.449" level="INFO">Opening browser 'chrome' to base url 'http://127.0.0.1:5000'.</msg>
<status status="PASS" starttime="20220420 12:28:45.449" endtime="20220420 12:28:49.483"/>
</kw>
<kw name="Maximize Browser Window" library="SeleniumLibrary">
<doc>Maximizes current browser window.</doc>
<status status="PASS" starttime="20220420 12:28:49.483" endtime="20220420 12:28:49.596"/>
</kw>
<kw name="Sleep" library="BuiltIn">
<arg>1s</arg>
<doc>Pauses the test executed for the given time.</doc>
<msg timestamp="20220420 12:28:50.599" level="INFO">Slept 1 second</msg>
<status status="PASS" starttime="20220420 12:28:49.597" endtime="20220420 12:28:50.600"/>
</kw>
<kw name="Test email">
<kw name="Input Text" library="SeleniumLibrary">
<arg>name:email</arg>
<arg>3dhanushkccd@gmail.com</arg>
<doc>Types the given ``text`` into the text field identified by ``locator``.</doc>
<msg timestamp="20220420 12:28:50.602" level="INFO">Typing text '3dhanushkccd@gmail.com' into text field 'name:email'.</msg>
<status status="PASS" starttime="20220420 12:28:50.601" endtime="20220420 12:28:50.834"/>
</kw>
<status status="PASS" starttime="20220420 12:28:50.600" endtime="20220420 12:28:50.836"/>
</kw>
<kw name="Test password">
<kw name="Input Text" library="SeleniumLibrary">
<arg>name:pass</arg>
<arg>12345</arg>
<doc>Types the given ``text`` into the text field identified by ``locator``.</doc>
<msg timestamp="20220420 12:28:50.840" level="INFO">Typing text '12345' into text field 'name:pass'.</msg>
<status status="PASS" starttime="20220420 12:28:50.839" endtime="20220420 12:28:51.016"/>
</kw>
<status status="PASS" starttime="20220420 12:28:50.837" endtime="20220420 12:28:51.016"/>
</kw>
<kw name="Click Button" library="SeleniumLibrary">
<arg>Xpath:/html/body/section/div/div/div[2]/div[3]/div/form/div/button</arg>
<doc>Clicks the button identified by ``locator``.</doc>
<msg timestamp="20220420 12:28:51.017" level="INFO">Clicking button 'Xpath:/html/body/section/div/div/div[2]/div[3]/div/form/div/button'.</msg>
<status status="PASS" starttime="20220420 12:28:51.017" endtime="20220420 12:28:53.644"/>
</kw>
<kw name="Sleep" library="BuiltIn">
<arg>2s</arg>
<doc>Pauses the test executed for the given time.</doc>
<msg timestamp="20220420 12:28:55.647" level="INFO">Slept 2 seconds</msg>
<status status="PASS" starttime="20220420 12:28:53.645" endtime="20220420 12:28:55.647"/>
</kw>
<kw name="Close Browser" library="SeleniumLibrary">
<doc>Closes the current browser.</doc>
<status status="PASS" starttime="20220420 12:28:55.648" endtime="20220420 12:28:57.967"/>
</kw>
<doc>these page for user login</doc>
<tag>user</tag>
<status status="PASS" starttime="20220420 12:28:45.432" endtime="20220420 12:28:57.968"/>
</test>
<test id="s1-t3" name="Seller Registration Test" line="52">
<kw name="Open Browser" library="SeleniumLibrary">
<arg>${web_url}</arg>
<arg>chrome</arg>
<doc>Opens a new browser instance to the optional ``url``.</doc>
<msg timestamp="20220420 12:28:57.973" level="INFO">Opening browser 'chrome' to base url 'http://127.0.0.1:5000'.</msg>
<status status="PASS" starttime="20220420 12:28:57.972" endtime="20220420 12:29:02.442"/>
</kw>
<kw name="Maximize Browser Window" library="SeleniumLibrary">
<doc>Maximizes current browser window.</doc>
<status status="PASS" starttime="20220420 12:29:02.443" endtime="20220420 12:29:02.578"/>
</kw>
<kw name="Sleep" library="BuiltIn">
<arg>1s</arg>
<doc>Pauses the test executed for the given time.</doc>
<msg timestamp="20220420 12:29:03.580" level="INFO">Slept 1 second</msg>
<status status="PASS" starttime="20220420 12:29:02.579" endtime="20220420 12:29:03.580"/>
</kw>
<kw name="Click Element" library="SeleniumLibrary">
<arg>Xpath:/html/body/nav/div/div/ul/li[2]/a</arg>
<doc>Click the element identified by ``locator``.</doc>
<msg timestamp="20220420 12:29:03.582" level="INFO">Clicking element 'Xpath:/html/body/nav/div/div/ul/li[2]/a'.</msg>
<status status="PASS" starttime="20220420 12:29:03.581" endtime="20220420 12:29:03.871"/>
</kw>
<kw name="Sleep" library="BuiltIn">
<arg>1s</arg>
<doc>Pauses the test executed for the given time.</doc>
<msg timestamp="20220420 12:29:04.874" level="INFO">Slept 1 second</msg>
<status status="PASS" starttime="20220420 12:29:03.873" endtime="20220420 12:29:04.874"/>
</kw>
<kw name="Click Link" library="SeleniumLibrary">
<arg>Xpath:/html/body/section/div/div/div/div/div[3]/div/div[2]/div/form/p/a</arg>
<doc>Clicks a link identified by ``locator``.</doc>
<msg timestamp="20220420 12:29:04.875" level="INFO">Clicking link 'Xpath:/html/body/section/div/div/div/div/div[3]/div/div[2]/div/form/p/a'.</msg>
<status status="PASS" starttime="20220420 12:29:04.875" endtime="20220420 12:29:05.103"/>
</kw>
<kw name="Sleep" library="BuiltIn">
<arg>1s</arg>
<doc>Pauses the test executed for the given time.</doc>
<msg timestamp="20220420 12:29:06.105" level="INFO">Slept 1 second</msg>
<status status="PASS" starttime="20220420 12:29:05.104" endtime="20220420 12:29:06.105"/>
</kw>
<kw name="Test name">
<kw name="Input Text" library="SeleniumLibrary">
<arg>name:name</arg>
<arg>Dhanush</arg>
<doc>Types the given ``text`` into the text field identified by ``locator``.</doc>
<msg timestamp="20220420 12:29:06.107" level="INFO">Typing text 'Dhanush' into text field 'name:name'.</msg>
<status status="PASS" starttime="20220420 12:29:06.106" endtime="20220420 12:29:06.278"/>
</kw>
<status status="PASS" starttime="20220420 12:29:06.106" endtime="20220420 12:29:06.278"/>
</kw>
<kw name="Test phone">
<kw name="Input Text" library="SeleniumLibrary">
<arg>name:pno</arg>
<arg>9361428388</arg>
<doc>Types the given ``text`` into the text field identified by ``locator``.</doc>
<msg timestamp="20220420 12:29:06.281" level="INFO">Typing text '9361428388' into text field 'name:pno'.</msg>
<status status="PASS" starttime="20220420 12:29:06.280" endtime="20220420 12:29:06.443"/>
</kw>
<status status="PASS" starttime="20220420 12:29:06.279" endtime="20220420 12:29:06.444"/>
</kw>
<kw name="Test email">
<kw name="Input Text" library="SeleniumLibrary">
<arg>name:email</arg>
<arg>3dhanushkccd@gmail.com</arg>
<doc>Types the given ``text`` into the text field identified by ``locator``.</doc>
<msg timestamp="20220420 12:29:06.447" level="INFO">Typing text '3dhanushkccd@gmail.com' into text field 'name:email'.</msg>
<status status="PASS" starttime="20220420 12:29:06.446" endtime="20220420 12:29:06.629"/>
</kw>
<status status="PASS" starttime="20220420 12:29:06.445" endtime="20220420 12:29:06.630"/>
</kw>
<kw name="Test password">
<kw name="Input Text" library="SeleniumLibrary">
<arg>name:pass</arg>
<arg>12345</arg>
<doc>Types the given ``text`` into the text field identified by ``locator``.</doc>
<msg timestamp="20220420 12:29:06.633" level="INFO">Typing text '12345' into text field 'name:pass'.</msg>
<status status="PASS" starttime="20220420 12:29:06.632" endtime="20220420 12:29:06.783"/>
</kw>
<status status="PASS" starttime="20220420 12:29:06.632" endtime="20220420 12:29:06.783"/>
</kw>
<kw name="Test seller Account">
<kw name="Input Text" library="SeleniumLibrary">
<arg>name:ano</arg>
<arg>08690100045</arg>
<doc>Types the given ``text`` into the text field identified by ``locator``.</doc>
<msg timestamp="20220420 12:29:06.785" level="INFO">Typing text '08690100045' into text field 'name:ano'.</msg>
<status status="PASS" starttime="20220420 12:29:06.784" endtime="20220420 12:29:06.953"/>
</kw>
<status status="PASS" starttime="20220420 12:29:06.784" endtime="20220420 12:29:06.953"/>
</kw>
<kw name="Test IFSC">
<kw name="Input Text" library="SeleniumLibrary">
<arg>name:ifsc</arg>
<arg>iob435</arg>
<doc>Types the given ``text`` into the text field identified by ``locator``.</doc>
<msg timestamp="20220420 12:29:06.955" level="INFO">Typing text 'iob435' into text field 'name:ifsc'.</msg>
<status status="PASS" starttime="20220420 12:29:06.955" endtime="20220420 12:29:07.112"/>
</kw>
<status status="PASS" starttime="20220420 12:29:06.954" endtime="20220420 12:29:07.112"/>
</kw>
<kw name="Execute Javascript" library="SeleniumLibrary">
<arg>window.scrollTo(0,300)</arg>
<doc>Executes the given JavaScript code with possible arguments.</doc>
<msg timestamp="20220420 12:29:07.114" level="INFO">Executing JavaScript:
window.scrollTo(0,300)
Without any arguments.</msg>
<status status="PASS" starttime="20220420 12:29:07.113" endtime="20220420 12:29:07.121"/>
</kw>
<kw name="Sleep" library="BuiltIn">
<arg>2s</arg>
<doc>Pauses the test executed for the given time.</doc>
<msg timestamp="20220420 12:29:09.123" level="INFO">Slept 2 seconds</msg>
<status status="PASS" starttime="20220420 12:29:07.122" endtime="20220420 12:29:09.123"/>
</kw>
<kw name="Click Button" library="SeleniumLibrary">
<arg>Xpath:/html/body/section/div/div/div/div/div/div/form/div[7]/center/button</arg>
<doc>Clicks the button identified by ``locator``.</doc>
<msg timestamp="20220420 12:29:09.124" level="INFO">Clicking button 'Xpath:/html/body/section/div/div/div/div/div/div/form/div[7]/center/button'.</msg>
<status status="PASS" starttime="20220420 12:29:09.124" endtime="20220420 12:29:09.473"/>
</kw>
<kw name="Sleep" library="BuiltIn">
<arg>2s</arg>
<doc>Pauses the test executed for the given time.</doc>
<msg timestamp="20220420 12:29:11.480" level="INFO">Slept 2 seconds</msg>
<status status="PASS" starttime="20220420 12:29:09.478" endtime="20220420 12:29:11.480"/>
</kw>
<kw name="Close Browser" library="SeleniumLibrary">
<doc>Closes the current browser.</doc>
<status status="PASS" starttime="20220420 12:29:11.481" endtime="20220420 12:29:13.706"/>
</kw>
<doc>these is for seller registration</doc>
<tag>seller</tag>
<status status="PASS" starttime="20220420 12:28:57.971" endtime="20220420 12:29:13.707"/>
</test>
<test id="s1-t4" name="Seller login Test" line="74">
<kw name="Open Browser" library="SeleniumLibrary">
<arg>${web_url}</arg>
<arg>chrome</arg>
<doc>Opens a new browser instance to the optional ``url``.</doc>
<msg timestamp="20220420 12:29:13.709" level="INFO">Opening browser 'chrome' to base url 'http://127.0.0.1:5000'.</msg>
<status status="PASS" starttime="20220420 12:29:13.709" endtime="20220420 12:29:17.548"/>
</kw>
<kw name="Maximize Browser Window" library="SeleniumLibrary">
<doc>Maximizes current browser window.</doc>
<status status="PASS" starttime="20220420 12:29:17.549" endtime="20220420 12:29:17.661"/>
</kw>
<kw name="Sleep" library="BuiltIn">
<arg>1s</arg>
<doc>Pauses the test executed for the given time.</doc>
<msg timestamp="20220420 12:29:18.664" level="INFO">Slept 1 second</msg>
<status status="PASS" starttime="20220420 12:29:17.662" endtime="20220420 12:29:18.664"/>
</kw>
<kw name="Click Element" library="SeleniumLibrary">
<arg>Xpath:/html/body/nav/div/div/ul/li[2]/a</arg>
<doc>Click the element identified by ``locator``.</doc>
<msg timestamp="20220420 12:29:18.665" level="INFO">Clicking element 'Xpath:/html/body/nav/div/div/ul/li[2]/a'.</msg>
<status status="PASS" starttime="20220420 12:29:18.664" endtime="20220420 12:29:18.872"/>
</kw>
<kw name="Sleep" library="BuiltIn">
<arg>1s</arg>
<doc>Pauses the test executed for the given time.</doc>
<msg timestamp="20220420 12:29:19.874" level="INFO">Slept 1 second</msg>
<status status="PASS" starttime="20220420 12:29:18.872" endtime="20220420 12:29:19.874"/>
</kw>
<kw name="Test email">
<kw name="Input Text" library="SeleniumLibrary">
<arg>name:email</arg>
<arg>3dhanushkccd@gmail.com</arg>
<doc>Types the given ``text`` into the text field identified by ``locator``.</doc>
<msg timestamp="20220420 12:29:19.875" level="INFO">Typing text '3dhanushkccd@gmail.com' into text field 'name:email'.</msg>
<status status="PASS" starttime="20220420 12:29:19.875" endtime="20220420 12:29:19.979"/>
</kw>
<status status="PASS" starttime="20220420 12:29:19.875" endtime="20220420 12:29:19.979"/>
</kw>
<kw name="Test password">
<kw name="Input Text" library="SeleniumLibrary">
<arg>name:pass</arg>
<arg>12345</arg>
<doc>Types the given ``text`` into the text field identified by ``locator``.</doc>
<msg timestamp="20220420 12:29:19.980" level="INFO">Typing text '12345' into text field 'name:pass'.</msg>
<status status="PASS" starttime="20220420 12:29:19.980" endtime="20220420 12:29:20.063"/>
</kw>
<status status="PASS" starttime="20220420 12:29:19.980" endtime="20220420 12:29:20.063"/>
</kw>
<kw name="Sleep" library="BuiltIn">
<arg>1s</arg>
<doc>Pauses the test executed for the given time.</doc>
<msg timestamp="20220420 12:29:21.065" level="INFO">Slept 1 second</msg>
<status status="PASS" starttime="20220420 12:29:20.063" endtime="20220420 12:29:21.065"/>
</kw>
<kw name="Click Button" library="SeleniumLibrary">
<arg>Xpath:/html/body/section/div/div/div/div/div[3]/div/div[2]/div/form/div[4]/button</arg>
<doc>Clicks the button identified by ``locator``.</doc>
<msg timestamp="20220420 12:29:21.066" level="INFO">Clicking button 'Xpath:/html/body/section/div/div/div/div/div[3]/div/div[2]/div/form/div[4]/button'.</msg>
<status status="PASS" starttime="20220420 12:29:21.065" endtime="20220420 12:29:21.626"/>
</kw>
<kw name="Sleep" library="BuiltIn">
<arg>2s</arg>
<doc>Pauses the test executed for the given time.</doc>
<msg timestamp="20220420 12:29:23.628" level="INFO">Slept 2 seconds</msg>
<status status="PASS" starttime="20220420 12:29:21.627" endtime="20220420 12:29:23.628"/>
</kw>
<doc>these is for seller login</doc>
<tag>seller</tag>
<status status="PASS" starttime="20220420 12:29:13.708" endtime="20220420 12:29:23.629"/>
</test>
<test id="s1-t5" name="Add product Test" line="88">
<kw name="Test Product name">
<kw name="Input Text" library="SeleniumLibrary">
<arg>name:name</arg>
<arg>OnePlus mobile</arg>
<doc>Types the given ``text`` into the text field identified by ``locator``.</doc>
<msg timestamp="20220420 12:29:23.635" level="INFO">Typing text 'OnePlus mobile' into text field 'name:name'.</msg>
<status status="PASS" starttime="20220420 12:29:23.634" endtime="20220420 12:29:23.831"/>
</kw>
<status status="PASS" starttime="20220420 12:29:23.633" endtime="20220420 12:29:23.832"/>
</kw>
<kw name="Click Element" library="SeleniumLibrary">
<arg>name:cat</arg>
<doc>Click the element identified by ``locator``.</doc>
<msg timestamp="20220420 12:29:23.833" level="INFO">Clicking element 'name:cat'.</msg>
<status status="PASS" starttime="20220420 12:29:23.833" endtime="20220420 12:29:23.947"/>
</kw>
<kw name="Click Element" library="SeleniumLibrary">
<arg>Xpath:/html/body/div/div/div[2]/form/table/tbody/tr[2]/td[2]/div/select/option[2]</arg>
<doc>Click the element identified by ``locator``.</doc>
<msg timestamp="20220420 12:29:23.954" level="INFO">Clicking element 'Xpath:/html/body/div/div/div[2]/form/table/tbody/tr[2]/td[2]/div/select/option[2]'.</msg>
<status status="PASS" starttime="20220420 12:29:23.953" endtime="20220420 12:29:24.045"/>
</kw>
<kw name="Test Product price">
<kw name="Input Text" library="SeleniumLibrary">
<arg>name:price</arg>
<arg>14999</arg>
<doc>Types the given ``text`` into the text field identified by ``locator``.</doc>
<msg timestamp="20220420 12:29:24.047" level="INFO">Typing text '14999' into text field 'name:price'.</msg>
<status status="PASS" starttime="20220420 12:29:24.047" endtime="20220420 12:29:24.217"/>
</kw>
<status status="PASS" starttime="20220420 12:29:24.046" endtime="20220420 12:29:24.217"/>
</kw>
<kw name="Test Product Features">
<kw name="Input Text" library="SeleniumLibrary">
<arg>name:fea</arg>
<arg>Full HD Display and Gorilla glass 6 production</arg>
<doc>Types the given ``text`` into the text field identified by ``locator``.</doc>
<msg timestamp="20220420 12:29:24.218" level="INFO">Typing text 'Full HD Display and Gorilla glass 6 production' into text field 'name:fea'.</msg>
<status status="PASS" starttime="20220420 12:29:24.218" endtime="20220420 12:29:24.428"/>
</kw>
<status status="PASS" starttime="20220420 12:29:24.217" endtime="20220420 12:29:24.428"/>
</kw>
<kw name="Execute Javascript" library="SeleniumLibrary">
<arg>window.scrollTo(0,600)</arg>
<doc>Executes the given JavaScript code with possible arguments.</doc>
<msg timestamp="20220420 12:29:24.431" level="INFO">Executing JavaScript:
window.scrollTo(0,600)
Without any arguments.</msg>
<status status="PASS" starttime="20220420 12:29:24.429" endtime="20220420 12:29:24.438"/>
</kw>
<kw name="Choose File" library="SeleniumLibrary">
<arg>name:image</arg>
<arg>E:/ecommerce logo/oneplus.jpg</arg>
<doc>Inputs the ``file_path`` into the file input field ``locator``.</doc>
<msg timestamp="20220420 12:29:24.439" level="INFO">Sending E:\ecommerce logo\oneplus.jpg to browser.</msg>
<status status="PASS" starttime="20220420 12:29:24.438" endtime="20220420 12:29:24.517"/>
</kw>
<kw name="Sleep" library="BuiltIn">
<arg>2s</arg>
<doc>Pauses the test executed for the given time.</doc>
<msg timestamp="20220420 12:29:26.519" level="INFO">Slept 2 seconds</msg>
<status status="PASS" starttime="20220420 12:29:24.517" endtime="20220420 12:29:26.519"/>
</kw>
<kw name="Click Button" library="SeleniumLibrary">
<arg>Xpath:/html/body/div/div/div[2]/form/center/button</arg>
<doc>Clicks the button identified by ``locator``.</doc>
<msg timestamp="20220420 12:29:26.523" level="INFO">Clicking button 'Xpath:/html/body/div/div/div[2]/form/center/button'.</msg>
<status status="PASS" starttime="20220420 12:29:26.523" endtime="20220420 12:29:27.090"/>
</kw>
<kw name="Sleep" library="BuiltIn">
<arg>2s</arg>
<doc>Pauses the test executed for the given time.</doc>
<msg timestamp="20220420 12:29:29.091" level="INFO">Slept 2 seconds</msg>
<status status="PASS" starttime="20220420 12:29:27.090" endtime="20220420 12:29:29.091"/>
</kw>
<doc>this page for seller add the product</doc>
<tag>seller</tag>
<status status="PASS" starttime="20220420 12:29:23.631" endtime="20220420 12:29:29.092"/>
</test>
<test id="s1-t6" name="Delete product Test" line="103">
<kw name="Sleep" library="BuiltIn">
<arg>2s</arg>
<doc>Pauses the test executed for the given time.</doc>
<msg timestamp="20220420 12:29:31.097" level="INFO">Slept 2 seconds</msg>
<status status="PASS" starttime="20220420 12:29:29.096" endtime="20220420 12:29:31.097"/>
</kw>
<kw name="Click Element" library="SeleniumLibrary">
<arg>Xpath:/html/body/nav/div/div/ul/li[2]/a</arg>
<doc>Click the element identified by ``locator``.</doc>
<msg timestamp="20220420 12:29:31.097" level="INFO">Clicking element 'Xpath:/html/body/nav/div/div/ul/li[2]/a'.</msg>
<status status="PASS" starttime="20220420 12:29:31.097" endtime="20220420 12:29:31.225"/>
</kw>
<kw name="Test Delete Product">
<kw name="Input Text" library="SeleniumLibrary">
<arg>name:name</arg>
<arg>OnePlus mobile</arg>
<doc>Types the given ``text`` into the text field identified by ``locator``.</doc>
<msg timestamp="20220420 12:29:31.233" level="INFO">Typing text 'OnePlus mobile' into text field 'name:name'.</msg>
<status status="PASS" starttime="20220420 12:29:31.232" endtime="20220420 12:29:31.341"/>
</kw>
<status status="PASS" starttime="20220420 12:29:31.231" endtime="20220420 12:29:31.342"/>
</kw>
<kw name="Sleep" library="BuiltIn">
<arg>1s</arg>
<doc>Pauses the test executed for the given time.</doc>
<msg timestamp="20220420 12:29:32.345" level="INFO">Slept 1 second</msg>
<status status="PASS" starttime="20220420 12:29:31.342" endtime="20220420 12:29:32.345"/>
</kw>
<kw name="Click Button" library="SeleniumLibrary">
<arg>Xpath:/html/body/div/div/div[2]/form/center/button</arg>
<doc>Clicks the button identified by ``locator``.</doc>
<msg timestamp="20220420 12:29:32.345" level="INFO">Clicking button 'Xpath:/html/body/div/div/div[2]/form/center/button'.</msg>
<status status="PASS" starttime="20220420 12:29:32.345" endtime="20220420 12:29:32.406"/>
</kw>
<kw name="Sleep" library="BuiltIn">
<arg>1s</arg>
<doc>Pauses the test executed for the given time.</doc>
<msg timestamp="20220420 12:29:33.409" level="INFO">Slept 1 second</msg>
<status status="PASS" starttime="20220420 12:29:32.407" endtime="20220420 12:29:33.409"/>
</kw>
<kw name="Click Button" library="SeleniumLibrary">
<arg>Xpath:/html/body/div[1]/div/div[2]/form/div/div/div/div[3]/button[2]</arg>
<doc>Clicks the button identified by ``locator``.</doc>
<msg timestamp="20220420 12:29:33.410" level="INFO">Clicking button 'Xpath:/html/body/div[1]/div/div[2]/form/div/div/div/div[3]/button[2]'.</msg>
<status status="PASS" starttime="20220420 12:29:33.409" endtime="20220420 12:29:33.651"/>
</kw>
<kw name="Sleep" library="BuiltIn">
<arg>1s</arg>
<doc>Pauses the test executed for the given time.</doc>
<msg timestamp="20220420 12:29:34.653" level="INFO">Slept 1 second</msg>
<status status="PASS" starttime="20220420 12:29:33.652" endtime="20220420 12:29:34.653"/>
</kw>
<kw name="Click Element" library="SeleniumLibrary">
<arg>Xpath:/html/body/nav/div/div/ul/li[3]/a</arg>
<doc>Click the element identified by ``locator``.</doc>
<msg timestamp="20220420 12:29:34.654" level="INFO">Clicking element 'Xpath:/html/body/nav/div/div/ul/li[3]/a'.</msg>
<status status="PASS" starttime="20220420 12:29:34.654" endtime="20220420 12:29:34.757"/>
</kw>
<kw name="Close Browser" library="SeleniumLibrary">
<doc>Closes the current browser.</doc>
<status status="PASS" starttime="20220420 12:29:34.762" endtime="20220420 12:29:37.015"/>
</kw>
<doc>this page for seller delete the product</doc>
<tag>seller</tag>
<status status="PASS" starttime="20220420 12:29:29.095" endtime="20220420 12:29:37.016"/>
</test>
<test id="s1-t7" name="Buy Product Test" line="118">
<kw name="Open Browser" library="SeleniumLibrary">
<arg>${web_url}</arg>
<arg>chrome</arg>
<doc>Opens a new browser instance to the optional ``url``.</doc>
<msg timestamp="20220420 12:29:37.019" level="INFO">Opening browser 'chrome' to base url 'http://127.0.0.1:5000'.</msg>
<status status="PASS" starttime="20220420 12:29:37.018" endtime="20220420 12:29:41.280"/>
</kw>
<kw name="Maximize Browser Window" library="SeleniumLibrary">
<doc>Maximizes current browser window.</doc>
<status status="PASS" starttime="20220420 12:29:41.280" endtime="20220420 12:29:41.401"/>
</kw>
<kw name="Sleep" library="BuiltIn">
<arg>1s</arg>
<doc>Pauses the test executed for the given time.</doc>
<msg timestamp="20220420 12:29:42.407" level="INFO">Slept 1 second</msg>
<status status="PASS" starttime="20220420 12:29:41.404" endtime="20220420 12:29:42.407"/>
</kw>
<kw name="Test email">
<kw name="Input Text" library="SeleniumLibrary">
<arg>name:email</arg>
<arg>3dhanushkccd@gmail.com</arg>
<doc>Types the given ``text`` into the text field identified by ``locator``.</doc>
<msg timestamp="20220420 12:29:42.409" level="INFO">Typing text '3dhanushkccd@gmail.com' into text field 'name:email'.</msg>
<status status="PASS" starttime="20220420 12:29:42.409" endtime="20220420 12:29:42.553"/>
</kw>
<status status="PASS" starttime="20220420 12:29:42.408" endtime="20220420 12:29:42.554"/>
</kw>
<kw name="Test password">
<kw name="Input Text" library="SeleniumLibrary">
<arg>name:pass</arg>
<arg>12345</arg>
<doc>Types the given ``text`` into the text field identified by ``locator``.</doc>
<msg timestamp="20220420 12:29:42.559" level="INFO">Typing text '12345' into text field 'name:pass'.</msg>
<status status="PASS" starttime="20220420 12:29:42.558" endtime="20220420 12:29:42.672"/>
</kw>
<status status="PASS" starttime="20220420 12:29:42.556" endtime="20220420 12:29:42.673"/>
</kw>
<kw name="Click Button" library="SeleniumLibrary">
<arg>Xpath:/html/body/section/div/div/div[2]/div[3]/div/form/div/button</arg>
<doc>Clicks the button identified by ``locator``.</doc>
<msg timestamp="20220420 12:29:42.673" level="INFO">Clicking button 'Xpath:/html/body/section/div/div/div[2]/div[3]/div/form/div/button'.</msg>
<status status="PASS" starttime="20220420 12:29:42.673" endtime="20220420 12:29:44.791"/>
</kw>
<kw name="Sleep" library="BuiltIn">
<arg>1s</arg>
<doc>Pauses the test executed for the given time.</doc>
<msg timestamp="20220420 12:29:45.793" level="INFO">Slept 1 second</msg>
<status status="PASS" starttime="20220420 12:29:44.792" endtime="20220420 12:29:45.793"/>
</kw>
<kw name="Test Search Product">
<kw name="Input Text" library="SeleniumLibrary">
<arg>name:sea</arg>
<arg>OnePlus Nord CE 5G</arg>
<doc>Types the given ``text`` into the text field identified by ``locator``.</doc>
<msg timestamp="20220420 12:29:45.796" level="INFO">Typing text 'OnePlus Nord CE 5G' into text field 'name:sea'.</msg>
<status status="PASS" starttime="20220420 12:29:45.795" endtime="20220420 12:29:45.998"/>
</kw>
<status status="PASS" starttime="20220420 12:29:45.794" endtime="20220420 12:29:45.999"/>
</kw>
<kw name="Click Button" library="SeleniumLibrary">
<arg>Xpath:/html/body/nav/div/div/div/form/button</arg>
<doc>Clicks the button identified by ``locator``.</doc>
<msg timestamp="20220420 12:29:46.000" level="INFO">Clicking button 'Xpath:/html/body/nav/div/div/div/form/button'.</msg>
<status status="PASS" starttime="20220420 12:29:45.999" endtime="20220420 12:29:46.259"/>
</kw>
<kw name="Sleep" library="BuiltIn">
<arg>1s</arg>
<doc>Pauses the test executed for the given time.</doc>
<msg timestamp="20220420 12:29:47.285" level="INFO">Slept 1 second</msg>
<status status="PASS" starttime="20220420 12:29:46.283" endtime="20220420 12:29:47.285"/>
</kw>
<kw name="Scroll Element Into View" library="SeleniumLibrary">
<arg>xpath=//html/body/div[3]/div/div/center/div/div[2]/center/a</arg>
<doc>Scrolls the element identified by ``locator`` into view.</doc>
<status status="PASS" starttime="20220420 12:29:47.286" endtime="20220420 12:29:47.556"/>
</kw>
<kw name="Sleep" library="BuiltIn">
<arg>1s</arg>
<doc>Pauses the test executed for the given time.</doc>
<msg timestamp="20220420 12:29:48.557" level="INFO">Slept 1 second</msg>
<status status="PASS" starttime="20220420 12:29:47.557" endtime="20220420 12:29:48.557"/>
</kw>
<kw name="Execute Javascript" library="SeleniumLibrary">
<arg>window.scrollTo(0,1500)</arg>
<doc>Executes the given JavaScript code with possible arguments.</doc>
<msg timestamp="20220420 12:29:48.563" level="INFO">Executing JavaScript:
window.scrollTo(0,1500)
Without any arguments.</msg>
<status status="PASS" starttime="20220420 12:29:48.562" endtime="20220420 12:29:48.575"/>
</kw>
<kw name="Click Element" library="SeleniumLibrary">
<arg>Xpath://html/body/div[3]/div/div/center/div/div[2]/center/a</arg>
<doc>Click the element identified by ``locator``.</doc>
<msg timestamp="20220420 12:29:48.576" level="INFO">Clicking element 'Xpath://html/body/div[3]/div/div/center/div/div[2]/center/a'.</msg>
<status status="PASS" starttime="20220420 12:29:48.576" endtime="20220420 12:29:48.930"/>
</kw>
<kw name="Sleep" library="BuiltIn">
<arg>1s</arg>
<doc>Pauses the test executed for the given time.</doc>
<msg timestamp="20220420 12:29:49.930" level="INFO">Slept 1 second</msg>
<status status="PASS" starttime="20220420 12:29:48.930" endtime="20220420 12:29:49.931"/>
</kw>
<kw name="Click Element" library="SeleniumLibrary">
<arg>Xpath://html/body/div/div/div/aside[2]/article/a</arg>
<doc>Click the element identified by ``locator``.</doc>
<msg timestamp="20220420 12:29:49.933" level="INFO">Clicking element 'Xpath://html/body/div/div/div/aside[2]/article/a'.</msg>
<status status="PASS" starttime="20220420 12:29:49.933" endtime="20220420 12:29:50.558"/>
</kw>
<kw name="Sleep" library="BuiltIn">
<arg>1s</arg>
<doc>Pauses the test executed for the given time.</doc>
<msg timestamp="20220420 12:29:51.562" level="INFO">Slept 1 second</msg>
<status status="PASS" starttime="20220420 12:29:50.561" endtime="20220420 12:29:51.562"/>
</kw>
<kw name="Click Button" library="SeleniumLibrary">
<arg>Xpath://html/body/div/div/div/center[2]/a/button</arg>
<doc>Clicks the button identified by ``locator``.</doc>
<msg timestamp="20220420 12:29:51.564" level="INFO">Clicking button 'Xpath://html/body/div/div/div/center[2]/a/button'.</msg>
<status status="PASS" starttime="20220420 12:29:51.563" endtime="20220420 12:29:52.167"/>
</kw>
<kw name="Sleep" library="BuiltIn">
<arg>1s</arg>
<doc>Pauses the test executed for the given time.</doc>
<msg timestamp="20220420 12:29:53.169" level="INFO">Slept 1 second</msg>
<status status="PASS" starttime="20220420 12:29:52.168" endtime="20220420 12:29:53.169"/>
</kw>
<kw name="Click Button" library="SeleniumLibrary">
<arg>Xpath://html/body/div[2]/div[2]/div[2]/a/button</arg>
<doc>Clicks the button identified by ``locator``.</doc>
<msg timestamp="20220420 12:29:53.171" level="INFO">Clicking button 'Xpath://html/body/div[2]/div[2]/div[2]/a/button'.</msg>
<status status="PASS" starttime="20220420 12:29:53.170" endtime="20220420 12:29:54.221"/>
</kw>
<kw name="Sleep" library="BuiltIn">
<arg>4s</arg>
<doc>Pauses the test executed for the given time.</doc>
<msg timestamp="20220420 12:29:58.238" level="INFO">Slept 4 seconds</msg>
<status status="PASS" starttime="20220420 12:29:54.236" endtime="20220420 12:29:58.238"/>
</kw>
<kw name="Close Browser" library="SeleniumLibrary">
<doc>Closes the current browser.</doc>
<status status="PASS" starttime="20220420 12:29:58.242" endtime="20220420 12:30:00.531"/>
</kw>
<doc>these is for buying the product test</doc>
<tag>user</tag>
<status status="PASS" starttime="20220420 12:29:37.018" endtime="20220420 12:30:00.532"/>
</test>
<test id="s1-t8" name="View order to Seller Test" line="145">
<kw name="Open Browser" library="SeleniumLibrary">
<arg>${web_url}</arg>
<arg>chrome</arg>
<doc>Opens a new browser instance to the optional ``url``.</doc>
<msg timestamp="20220420 12:30:00.536" level="INFO">Opening browser 'chrome' to base url 'http://127.0.0.1:5000'.</msg>
<status status="PASS" starttime="20220420 12:30:00.535" endtime="20220420 12:30:04.343"/>
</kw>
<kw name="Maximize Browser Window" library="SeleniumLibrary">
<doc>Maximizes current browser window.</doc>
<status status="PASS" starttime="20220420 12:30:04.343" endtime="20220420 12:30:04.461"/>
</kw>
<kw name="Sleep" library="BuiltIn">
<arg>1s</arg>
<doc>Pauses the test executed for the given time.</doc>
<msg timestamp="20220420 12:30:05.464" level="INFO">Slept 1 second</msg>
<status status="PASS" starttime="20220420 12:30:04.462" endtime="20220420 12:30:05.464"/>
</kw>
<kw name="Click Element" library="SeleniumLibrary">
<arg>Xpath:/html/body/nav/div/div/ul/li[2]/a</arg>
<doc>Click the element identified by ``locator``.</doc>
<msg timestamp="20220420 12:30:05.466" level="INFO">Clicking element 'Xpath:/html/body/nav/div/div/ul/li[2]/a'.</msg>
<status status="PASS" starttime="20220420 12:30:05.465" endtime="20220420 12:30:05.785"/>
</kw>
<kw name="Input Text" library="SeleniumLibrary">
<arg>name:email</arg>
<arg>ramyagandhi16@gmail.com</arg>
<doc>Types the given ``text`` into the text field identified by ``locator``.</doc>
<msg timestamp="20220420 12:30:05.787" level="INFO">Typing text 'ramyagandhi16@gmail.com' into text field 'name:email'.</msg>
<status status="PASS" starttime="20220420 12:30:05.786" endtime="20220420 12:30:06.023"/>
</kw>
<kw name="Input Text" library="SeleniumLibrary">
<arg>name:pass</arg>
<arg>R@mya12345</arg>
<doc>Types the given ``text`` into the text field identified by ``locator``.</doc>
<msg timestamp="20220420 12:30:06.026" level="INFO">Typing text 'R@mya12345' into text field 'name:pass'.</msg>
<status status="PASS" starttime="20220420 12:30:06.026" endtime="20220420 12:30:06.227"/>
</kw>
<kw name="Click Button" library="SeleniumLibrary">
<arg>Xpath:/html/body/section/div/div/div/div/div[3]/div/div[2]/div/form/div[4]/button</arg>
<doc>Clicks the button identified by ``locator``.</doc>
<msg timestamp="20220420 12:30:06.228" level="INFO">Clicking button 'Xpath:/html/body/section/div/div/div/div/div[3]/div/div[2]/div/form/div[4]/button'.</msg>
<status status="PASS" starttime="20220420 12:30:06.228" endtime="20220420 12:30:06.760"/>
</kw>
<kw name="Click Element" library="SeleniumLibrary">
<arg>Xpath://html/body/nav/div/div/ul/li[4]/a</arg>
<doc>Click the element identified by ``locator``.</doc>
<msg timestamp="20220420 12:30:06.761" level="INFO">Clicking element 'Xpath://html/body/nav/div/div/ul/li[4]/a'.</msg>
<status status="PASS" starttime="20220420 12:30:06.761" endtime="20220420 12:30:07.102"/>
</kw>
<kw name="Sleep" library="BuiltIn">
<arg>2s</arg>
<doc>Pauses the test executed for the given time.</doc>
<msg timestamp="20220420 12:30:09.104" level="INFO">Slept 2 seconds</msg>
<status status="PASS" starttime="20220420 12:30:07.103" endtime="20220420 12:30:09.105"/>
</kw>
<kw name="Click Element" library="SeleniumLibrary">
<arg>Xpath://html/body/nav/div/div/div/div/a/img</arg>
<doc>Click the element identified by ``locator``.</doc>
<msg timestamp="20220420 12:30:09.106" level="INFO">Clicking element 'Xpath://html/body/nav/div/div/div/div/a/img'.</msg>
<status status="PASS" starttime="20220420 12:30:09.106" endtime="20220420 12:30:09.167"/>
</kw>
<kw name="Click Element" library="SeleniumLibrary">
<arg>Xpath://html/body/nav/div/div/div/div/ul/li[3]/a</arg>
<doc>Click the element identified by ``locator``.</doc>
<msg timestamp="20220420 12:30:09.168" level="INFO">Clicking element 'Xpath://html/body/nav/div/div/div/div/ul/li[3]/a'.</msg>
<status status="PASS" starttime="20220420 12:30:09.168" endtime="20220420 12:30:09.287"/>
</kw>
<kw name="Sleep" library="BuiltIn">
<arg>1s</arg>
<doc>Pauses the test executed for the given time.</doc>
<msg timestamp="20220420 12:30:10.293" level="INFO">Slept 1 second</msg>
<status status="PASS" starttime="20220420 12:30:09.292" endtime="20220420 12:30:10.293"/>
</kw>
<kw name="Close Browser" library="SeleniumLibrary">
<doc>Closes the current browser.</doc>
<status status="PASS" starttime="20220420 12:30:10.294" endtime="20220420 12:30:12.451"/>
</kw>
<doc>these page for seller</doc>
<tag>seller</tag>
<status status="PASS" starttime="20220420 12:30:00.534" endtime="20220420 12:30:12.456"/>
</test>
<test id="s1-t9" name="Remove item in cart Test" line="163">
<kw name="Open Browser" library="SeleniumLibrary">
<arg>${web_url}</arg>
<arg>chrome</arg>
<doc>Opens a new browser instance to the optional ``url``.</doc>
<msg timestamp="20220420 12:30:12.464" level="INFO">Opening browser 'chrome' to base url 'http://127.0.0.1:5000'.</msg>
<status status="PASS" starttime="20220420 12:30:12.462" endtime="20220420 12:30:16.501"/>
</kw>
<kw name="Maximize Browser Window" library="SeleniumLibrary">
<doc>Maximizes current browser window.</doc>
<status status="PASS" starttime="20220420 12:30:16.502" endtime="20220420 12:30:16.628"/>
</kw>
<kw name="Sleep" library="BuiltIn">
<arg>1s</arg>
<doc>Pauses the test executed for the given time.</doc>
<msg timestamp="20220420 12:30:17.631" level="INFO">Slept 1 second</msg>
<status status="PASS" starttime="20220420 12:30:16.629" endtime="20220420 12:30:17.631"/>
</kw>
<kw name="Test user login">
<kw name="Click Element" library="SeleniumLibrary">
<arg>Xpath:/html/body/nav/div/div/ul/li[3]/a</arg>
<doc>Click the element identified by ``locator``.</doc>
<msg timestamp="20220420 12:30:17.635" level="INFO">Clicking element 'Xpath:/html/body/nav/div/div/ul/li[3]/a'.</msg>
<status status="PASS" starttime="20220420 12:30:17.634" endtime="20220420 12:30:17.938"/>
</kw>
<status status="PASS" starttime="20220420 12:30:17.634" endtime="20220420 12:30:17.939"/>
</kw>
<kw name="Sleep" library="BuiltIn">
<arg>1s</arg>
<doc>Pauses the test executed for the given time.</doc>
<msg timestamp="20220420 12:30:18.942" level="INFO">Slept 1 second</msg>
<status status="PASS" starttime="20220420 12:30:17.940" endtime="20220420 12:30:18.942"/>
</kw>
<kw name="Test email">
<kw name="Input Text" library="SeleniumLibrary">
<arg>name:email</arg>
<arg>3dhanushkccd@gmail.com</arg>
<doc>Types the given ``text`` into the text field identified by ``locator``.</doc>
<msg timestamp="20220420 12:30:18.944" level="INFO">Typing text '3dhanushkccd@gmail.com' into text field 'name:email'.</msg>
<status status="PASS" starttime="20220420 12:30:18.943" endtime="20220420 12:30:19.178"/>
</kw>
<status status="PASS" starttime="20220420 12:30:18.943" endtime="20220420 12:30:19.179"/>
</kw>
<kw name="Test password">
<kw name="Input Text" library="SeleniumLibrary">
<arg>name:pass</arg>
<arg>12345</arg>
<doc>Types the given ``text`` into the text field identified by ``locator``.</doc>
<msg timestamp="20220420 12:30:19.187" level="INFO">Typing text '12345' into text field 'name:pass'.</msg>
<status status="PASS" starttime="20220420 12:30:19.186" endtime="20220420 12:30:19.370"/>
</kw>
<status status="PASS" starttime="20220420 12:30:19.185" endtime="20220420 12:30:19.371"/>
</kw>
<kw name="Click Button" library="SeleniumLibrary">
<arg>Xpath:/html/body/section/div/div/div[2]/div[3]/div/form/div/button</arg>
<doc>Clicks the button identified by ``locator``.</doc>
<msg timestamp="20220420 12:30:19.373" level="INFO">Clicking button 'Xpath:/html/body/section/div/div/div[2]/div[3]/div/form/div/button'.</msg>
<status status="PASS" starttime="20220420 12:30:19.372" endtime="20220420 12:30:20.869"/>
</kw>
<kw name="Sleep" library="BuiltIn">
<arg>1s</arg>
<doc>Pauses the test executed for the given time.</doc>
<msg timestamp="20220420 12:30:21.871" level="INFO">Slept 1 second</msg>
<status status="PASS" starttime="20220420 12:30:20.870" endtime="20220420 12:30:21.871"/>
</kw>
<kw name="Click Element" library="SeleniumLibrary">
<arg>Xpath://html/body/nav/div/div/ul/li/a</arg>
<doc>Click the element identified by ``locator``.</doc>
<msg timestamp="20220420 12:30:21.872" level="INFO">Clicking element 'Xpath://html/body/nav/div/div/ul/li/a'.</msg>
<status status="PASS" starttime="20220420 12:30:21.872" endtime="20220420 12:30:21.922"/>
</kw>
<kw name="Sleep" library="BuiltIn">
<arg>1s</arg>
<doc>Pauses the test executed for the given time.</doc>
<msg timestamp="20220420 12:30:22.924" level="INFO">Slept 1 second</msg>
<status status="PASS" starttime="20220420 12:30:21.923" endtime="20220420 12:30:22.924"/>
</kw>
<kw name="Click Link" library="SeleniumLibrary">
<arg>Xpath:/html/body/nav/div/div/ul/li/ul/li[9]/a</arg>
<doc>Clicks a link identified by ``locator``.</doc>
<msg timestamp="20220420 12:30:22.926" level="INFO">Clicking link 'Xpath:/html/body/nav/div/div/ul/li/ul/li[9]/a'.</msg>
<status status="PASS" starttime="20220420 12:30:22.926" endtime="20220420 12:30:23.011"/>
</kw>
<kw name="Sleep" library="BuiltIn">
<arg>2s</arg>
<doc>Pauses the test executed for the given time.</doc>
<msg timestamp="20220420 12:30:25.012" level="INFO">Slept 2 seconds</msg>
<status status="PASS" starttime="20220420 12:30:23.011" endtime="20220420 12:30:25.012"/>
</kw>
<kw name="Click Link" library="SeleniumLibrary">
<arg>Xpath://html/body/div[19]/div/div[2]/center/div/div[2]/center/a</arg>
<doc>Clicks a link identified by ``locator``.</doc>
<msg timestamp="20220420 12:30:25.014" level="INFO">Clicking link 'Xpath://html/body/div[19]/div/div[2]/center/div/div[2]/center/a'.</msg>
<status status="PASS" starttime="20220420 12:30:25.013" endtime="20220420 12:30:25.466"/>
</kw>
<kw name="Sleep" library="BuiltIn">
<arg>1s</arg>
<doc>Pauses the test executed for the given time.</doc>
<msg timestamp="20220420 12:30:26.468" level="INFO">Slept 1 second</msg>
<status status="PASS" starttime="20220420 12:30:25.467" endtime="20220420 12:30:26.468"/>
</kw>
<kw name="Click Link" library="SeleniumLibrary">
<arg>Xpath://html/body/div/div/div/aside[2]/article/a</arg>
<doc>Clicks a link identified by ``locator``.</doc>
<msg timestamp="20220420 12:30:26.470" level="INFO">Clicking link 'Xpath://html/body/div/div/div/aside[2]/article/a'.</msg>
<status status="PASS" starttime="20220420 12:30:26.469" endtime="20220420 12:30:27.073"/>
</kw>
<kw name="Sleep" library="BuiltIn">
<arg>3s</arg>
<doc>Pauses the test executed for the given time.</doc>
<msg timestamp="20220420 12:30:30.083" level="INFO">Slept 3 seconds</msg>
<status status="PASS" starttime="20220420 12:30:27.080" endtime="20220420 12:30:30.083"/>
</kw>
<kw name="Click Element" library="SeleniumLibrary">
<arg>Xpath://html/body/div/div/div/form/table/tbody/tr/td[4]/a[2]</arg>
<doc>Click the element identified by ``locator``.</doc>
<msg timestamp="20220420 12:30:30.084" level="INFO">Clicking element 'Xpath://html/body/div/div/div/form/table/tbody/tr/td[4]/a[2]'.</msg>
<status status="PASS" starttime="20220420 12:30:30.084" endtime="20220420 12:30:30.532"/>
</kw>
<kw name="Sleep" library="BuiltIn">
<arg>3s</arg>
<doc>Pauses the test executed for the given time.</doc>
<msg timestamp="20220420 12:30:33.536" level="INFO">Slept 3 seconds</msg>
<status status="PASS" starttime="20220420 12:30:30.534" endtime="20220420 12:30:33.536"/>
</kw>
<kw name="Click Element" library="SeleniumLibrary">
<arg>xpath://html/body/div/nav/div/div/div/div/a/img</arg>
<doc>Click the element identified by ``locator``.</doc>
<msg timestamp="20220420 12:30:33.537" level="INFO">Clicking element 'xpath://html/body/div/nav/div/div/div/div/a/img'.</msg>
<status status="PASS" starttime="20220420 12:30:33.536" endtime="20220420 12:30:33.596"/>
</kw>
<kw name="Click Element" library="SeleniumLibrary">
<arg>xpath://html/body/div/nav/div/div/div/div/ul/li[3]/a</arg>
<doc>Click the element identified by ``locator``.</doc>
<msg timestamp="20220420 12:30:33.597" level="INFO">Clicking element 'xpath://html/body/div/nav/div/div/div/div/ul/li[3]/a'.</msg>
<status status="PASS" starttime="20220420 12:30:33.597" endtime="20220420 12:30:33.833"/>
</kw>
<kw name="Sleep" library="BuiltIn">
<arg>1s</arg>
<doc>Pauses the test executed for the given time.</doc>
<msg timestamp="20220420 12:30:34.836" level="INFO">Slept 1 second</msg>
<status status="PASS" starttime="20220420 12:30:33.834" endtime="20220420 12:30:34.837"/>
</kw>
<kw name="Close Browser" library="SeleniumLibrary">
<doc>Closes the current browser.</doc>
<status status="PASS" starttime="20220420 12:30:34.843" endtime="20220420 12:30:37.095"/>
</kw>
<doc>these is for remove the product test</doc>
<tag>user</tag>
<status status="PASS" starttime="20220420 12:30:12.460" endtime="20220420 12:30:37.096"/>
</test>
<test id="s1-t10" name="Test User details update and Logout" line="193">
<kw name="Open Browser" library="SeleniumLibrary">
<arg>${web_url}</arg>
<arg>chrome</arg>
<doc>Opens a new browser instance to the optional ``url``.</doc>
<msg timestamp="20220420 12:30:37.100" level="INFO">Opening browser 'chrome' to base url 'http://127.0.0.1:5000'.</msg>
<status status="PASS" starttime="20220420 12:30:37.100" endtime="20220420 12:30:41.060"/>
</kw>
<kw name="Maximize Browser Window" library="SeleniumLibrary">
<doc>Maximizes current browser window.</doc>
<status status="PASS" starttime="20220420 12:30:41.062" endtime="20220420 12:30:41.195"/>
</kw>
<kw name="Sleep" library="BuiltIn">
<arg>1s</arg>
<doc>Pauses the test executed for the given time.</doc>
<msg timestamp="20220420 12:30:42.204" level="INFO">Slept 1 second</msg>
<status status="PASS" starttime="20220420 12:30:41.199" endtime="20220420 12:30:42.204"/>
</kw>
<kw name="Test email">
<kw name="Input Text" library="SeleniumLibrary">
<arg>name:email</arg>
<arg>3dhanushkccd@gmail.com</arg>
<doc>Types the given ``text`` into the text field identified by ``locator``.</doc>
<msg timestamp="20220420 12:30:42.206" level="INFO">Typing text '3dhanushkccd@gmail.com' into text field 'name:email'.</msg>
<status status="PASS" starttime="20220420 12:30:42.205" endtime="20220420 12:30:42.497"/>
</kw>
<status status="PASS" starttime="20220420 12:30:42.205" endtime="20220420 12:30:42.498"/>
</kw>
<kw name="Test password">
<kw name="Input Text" library="SeleniumLibrary">
<arg>name:pass</arg>
<arg>12345</arg>
<doc>Types the given ``text`` into the text field identified by ``locator``.</doc>
<msg timestamp="20220420 12:30:42.499" level="INFO">Typing text '12345' into text field 'name:pass'.</msg>
<status status="PASS" starttime="20220420 12:30:42.499" endtime="20220420 12:30:42.590"/>
</kw>
<status status="PASS" starttime="20220420 12:30:42.498" endtime="20220420 12:30:42.590"/>
</kw>
<kw name="Click Button" library="SeleniumLibrary">
<arg>Xpath:/html/body/section/div/div/div[2]/div[3]/div/form/div/button</arg>
<doc>Clicks the button identified by ``locator``.</doc>
<msg timestamp="20220420 12:30:42.592" level="INFO">Clicking button 'Xpath:/html/body/section/div/div/div[2]/div[3]/div/form/div/button'.</msg>
<status status="PASS" starttime="20220420 12:30:42.591" endtime="20220420 12:30:45.174"/>
</kw>
<kw name="Sleep" library="BuiltIn">
<arg>1s</arg>
<doc>Pauses the test executed for the given time.</doc>
<msg timestamp="20220420 12:30:46.175" level="INFO">Slept 1 second</msg>
<status status="PASS" starttime="20220420 12:30:45.175" endtime="20220420 12:30:46.175"/>
</kw>
<kw name="Click Element" library="SeleniumLibrary">
<arg>Xpath:/html/body/nav/div/div/div/div/a/img</arg>
<doc>Click the element identified by ``locator``.</doc>
<msg timestamp="20220420 12:30:46.177" level="INFO">Clicking element 'Xpath:/html/body/nav/div/div/div/div/a/img'.</msg>
<status status="PASS" starttime="20220420 12:30:46.176" endtime="20220420 12:30:46.267"/>
</kw>
<kw name="Click Element" library="SeleniumLibrary">
<arg>Xpath:/html/body/nav/div/div/div/div/ul/li[1]/a</arg>
<doc>Click the element identified by ``locator``.</doc>
<msg timestamp="20220420 12:30:46.268" level="INFO">Clicking element 'Xpath:/html/body/nav/div/div/div/div/ul/li[1]/a'.</msg>
<status status="PASS" starttime="20220420 12:30:46.267" endtime="20220420 12:30:46.869"/>
</kw>
<kw name="Sleep" library="BuiltIn">
<arg>1s</arg>
<doc>Pauses the test executed for the given time.</doc>
<msg timestamp="20220420 12:30:47.873" level="INFO">Slept 1 second</msg>
<status status="PASS" starttime="20220420 12:30:46.872" endtime="20220420 12:30:47.875"/>
</kw>
<kw name="Input Text" library="SeleniumLibrary">
<arg>name:name</arg>
<arg>Sameer</arg>
<doc>Types the given ``text`` into the text field identified by ``locator``.</doc>
<msg timestamp="20220420 12:30:47.876" level="INFO">Typing text 'Sameer' into text field 'name:name'.</msg>
<status status="PASS" starttime="20220420 12:30:47.875" endtime="20220420 12:30:48.082"/>
</kw>
<kw name="Test user age">
<kw name="Input Text" library="SeleniumLibrary">
<arg>name:age</arg>
<arg>20</arg>
<doc>Types the given ``text`` into the text field identified by ``locator``.</doc>
<msg timestamp="20220420 12:30:48.084" level="INFO">Typing text '20' into text field 'name:age'.</msg>
<status status="PASS" starttime="20220420 12:30:48.083" endtime="20220420 12:30:48.262"/>
</kw>
<status status="PASS" starttime="20220420 12:30:48.082" endtime="20220420 12:30:48.262"/>
</kw>
<kw name="Test user gender">
<kw name="Click Element" library="SeleniumLibrary">
<arg>Xpath:/html/body/section/div/div/div/div/div/div[2]/div/form/table/tbody/tr[3]/td[2]/div/select</arg>
<doc>Click the element identified by ``locator``.</doc>
<msg timestamp="20220420 12:30:48.264" level="INFO">Clicking element 'Xpath:/html/body/section/div/div/div/div/div/div[2]/div/form/table/tbody/tr[3]/td[2]/div/select'.</msg>
<status status="PASS" starttime="20220420 12:30:48.264" endtime="20220420 12:30:48.388"/>
</kw>
<status status="PASS" starttime="20220420 12:30:48.263" endtime="20220420 12:30:48.389"/>
</kw>
<kw name="Test select">
<kw name="Click Element" library="SeleniumLibrary">
<arg>Xpath:/html/body/section/div/div/div/div/div/div[2]/div/form/table/tbody/tr[3]/td[2]/div/select/option[2]</arg>
<doc>Click the element identified by ``locator``.</doc>
<msg timestamp="20220420 12:30:48.397" level="INFO">Clicking element 'Xpath:/html/body/section/div/div/div/div/div/div[2]/div/form/table/tbody/tr[3]/td[2]/div/select/option[2]'.</msg>
<status status="PASS" starttime="20220420 12:30:48.396" endtime="20220420 12:30:48.487"/>
</kw>
<status status="PASS" starttime="20220420 12:30:48.395" endtime="20220420 12:30:48.487"/>
</kw>
<kw name="Test user address">
<kw name="Input Text" library="SeleniumLibrary">
<arg>name:add</arg>
<arg>Hosur</arg>
<doc>Types the given ``text`` into the text field identified by ``locator``.</doc>
<msg timestamp="20220420 12:30:48.490" level="INFO">Typing text 'Hosur' into text field 'name:add'.</msg>
<status status="PASS" starttime="20220420 12:30:48.489" endtime="20220420 12:30:48.662"/>
</kw>
<status status="PASS" starttime="20220420 12:30:48.488" endtime="20220420 12:30:48.662"/>
</kw>
<kw name="Test email">
<kw name="Input Text" library="SeleniumLibrary">
<arg>name:email</arg>
<arg>3dhanushkccd@gmail.com</arg>
<doc>Types the given ``text`` into the text field identified by ``locator``.</doc>
<msg timestamp="20220420 12:30:48.664" level="INFO">Typing text '3dhanushkccd@gmail.com' into text field 'name:email'.</msg>
<status status="PASS" starttime="20220420 12:30:48.663" endtime="20220420 12:30:48.852"/>
</kw>
<status status="PASS" starttime="20220420 12:30:48.663" endtime="20220420 12:30:48.853"/>
</kw>
<kw name="Execute Javascript" library="SeleniumLibrary">
<arg>window.scrollTo(0,500)</arg>
<doc>Executes the given JavaScript code with possible arguments.</doc>
<msg timestamp="20220420 12:30:48.862" level="INFO">Executing JavaScript:
window.scrollTo(0,500)
Without any arguments.</msg>
<status status="PASS" starttime="20220420 12:30:48.861" endtime="20220420 12:30:48.873"/>
</kw>
<kw name="Test phone">
<kw name="Input Text" library="SeleniumLibrary">
<arg>name:pno</arg>
<arg>9361428388</arg>
<doc>Types the given ``text`` into the text field identified by ``locator``.</doc>
<msg timestamp="20220420 12:30:48.875" level="INFO">Typing text '9361428388' into text field 'name:pno'.</msg>
<status status="PASS" starttime="20220420 12:30:48.875" endtime="20220420 12:30:49.077"/>
</kw>
<status status="PASS" starttime="20220420 12:30:48.874" endtime="20220420 12:30:49.078"/>
</kw>
<kw name="Test password">
<kw name="Input Text" library="SeleniumLibrary">
<arg>name:pass</arg>
<arg>12345</arg>
<doc>Types the given ``text`` into the text field identified by ``locator``.</doc>
<msg timestamp="20220420 12:30:49.079" level="INFO">Typing text '12345' into text field 'name:pass'.</msg>
<status status="PASS" starttime="20220420 12:30:49.079" endtime="20220420 12:30:49.247"/>
</kw>
<status status="PASS" starttime="20220420 12:30:49.078" endtime="20220420 12:30:49.247"/>
</kw>
<kw name="Click Button" library="SeleniumLibrary">
<arg>name:reg</arg>
<doc>Clicks the button identified by ``locator``.</doc>
<msg timestamp="20220420 12:30:49.248" level="INFO">Clicking button 'name:reg'.</msg>
<status status="PASS" starttime="20220420 12:30:49.248" endtime="20220420 12:30:49.955"/>
</kw>
<kw name="Sleep" library="BuiltIn">
<arg>1s</arg>
<doc>Pauses the test executed for the given time.</doc>
<msg timestamp="20220420 12:30:50.958" level="INFO">Slept 1 second</msg>
<status status="PASS" starttime="20220420 12:30:49.957" endtime="20220420 12:30:50.958"/>
</kw>
<kw name="Click Element" library="SeleniumLibrary">
<arg>Xpath:/html/body/nav/div/div/div/div/a/img</arg>
<doc>Click the element identified by ``locator``.</doc>
<msg timestamp="20220420 12:30:50.959" level="INFO">Clicking element 'Xpath:/html/body/nav/div/div/div/div/a/img'.</msg>
<status status="PASS" starttime="20220420 12:30:50.959" endtime="20220420 12:30:51.040"/>
</kw>
<kw name="Click Element" library="SeleniumLibrary">
<arg>Xpath:/html/body/nav/div/div/div/div/ul/li[3]/a</arg>
<doc>Click the element identified by ``locator``.</doc>
<msg timestamp="20220420 12:30:51.041" level="INFO">Clicking element 'Xpath:/html/body/nav/div/div/div/div/ul/li[3]/a'.</msg>
<status status="PASS" starttime="20220420 12:30:51.040" endtime="20220420 12:30:51.298"/>
</kw>
<kw name="Sleep" library="BuiltIn">
<arg>1s</arg>
<doc>Pauses the test executed for the given time.</doc>
<msg timestamp="20220420 12:30:52.300" level="INFO">Slept 1 second</msg>
<status status="PASS" starttime="20220420 12:30:51.299" endtime="20220420 12:30:52.300"/>
</kw>
<doc>these is for update the userdetails and logout</doc>
<tag>user</tag>
<status status="PASS" starttime="20220420 12:30:37.098" endtime="20220420 12:30:52.301"/>
</test>
<test id="s1-t11" name="Relogin to check update test:" line="222">
<kw name="Test email">
<kw name="Input Text" library="SeleniumLibrary">
<arg>name:email</arg>
<arg>3dhanushkccd@gmail.com</arg>
<doc>Types the given ``text`` into the text field identified by ``locator``.</doc>
<msg timestamp="20220420 12:30:52.306" level="INFO">Typing text '3dhanushkccd@gmail.com' into text field 'name:email'.</msg>
<status status="PASS" starttime="20220420 12:30:52.305" endtime="20220420 12:30:52.557"/>
</kw>
<status status="PASS" starttime="20220420 12:30:52.305" endtime="20220420 12:30:52.557"/>
</kw>
<kw name="Test password">
<kw name="Input Text" library="SeleniumLibrary">
<arg>name:pass</arg>
<arg>12345</arg>
<doc>Types the given ``text`` into the text field identified by ``locator``.</doc>
<msg timestamp="20220420 12:30:52.562" level="INFO">Typing text '12345' into text field 'name:pass'.</msg>
<status status="PASS" starttime="20220420 12:30:52.561" endtime="20220420 12:30:52.769"/>
</kw>
<status status="PASS" starttime="20220420 12:30:52.559" endtime="20220420 12:30:52.769"/>
</kw>
<kw name="Click Button" library="SeleniumLibrary">
<arg>Xpath:/html/body/section/div/div/div[2]/div[3]/div/form/div/button</arg>
<doc>Clicks the button identified by ``locator``.</doc>
<msg timestamp="20220420 12:30:52.773" level="INFO">Clicking button 'Xpath:/html/body/section/div/div/div[2]/div[3]/div/form/div/button'.</msg>
<status status="PASS" starttime="20220420 12:30:52.771" endtime="20220420 12:30:53.773"/>
</kw>
<kw name="Sleep" library="BuiltIn">
<arg>1s</arg>
<doc>Pauses the test executed for the given time.</doc>
<msg timestamp="20220420 12:30:54.775" level="INFO">Slept 1 second</msg>
<status status="PASS" starttime="20220420 12:30:53.774" endtime="20220420 12:30:54.775"/>
</kw>
<kw name="Click Element" library="SeleniumLibrary">
<arg>Xpath:/html/body/nav/div/div/div/div/a/img</arg>
<doc>Click the element identified by ``locator``.</doc>
<msg timestamp="20220420 12:30:54.779" level="INFO">Clicking element 'Xpath:/html/body/nav/div/div/div/div/a/img'.</msg>
<status status="PASS" starttime="20220420 12:30:54.778" endtime="20220420 12:30:54.876"/>
</kw>
<kw name="Sleep" library="BuiltIn">
<arg>3s</arg>
<doc>Pauses the test executed for the given time.</doc>
<msg timestamp="20220420 12:30:57.880" level="INFO">Slept 3 seconds</msg>
<status status="PASS" starttime="20220420 12:30:54.878" endtime="20220420 12:30:57.880"/>
</kw>
<kw name="Click Element" library="SeleniumLibrary">
<arg>Xpath:/html/body/nav/div/div/div/div/ul/li[3]/a</arg>
<doc>Click the element identified by ``locator``.</doc>
<msg timestamp="20220420 12:30:57.881" level="INFO">Clicking element 'Xpath:/html/body/nav/div/div/div/div/ul/li[3]/a'.</msg>
<status status="PASS" starttime="20220420 12:30:57.880" endtime="20220420 12:30:58.025"/>
</kw>
<kw name="Sleep" library="BuiltIn">
<arg>1s</arg>
<doc>Pauses the test executed for the given time.</doc>
<msg timestamp="20220420 12:30:59.030" level="INFO">Slept 1 second</msg>
<status status="PASS" starttime="20220420 12:30:58.030" endtime="20220420 12:30:59.031"/>
</kw>
<kw name="Close Browser" library="SeleniumLibrary">
<doc>Closes the current browser.</doc>
<status status="PASS" starttime="20220420 12:30:59.031" endtime="20220420 12:31:01.273"/>
</kw>
<doc>these is for update check test</doc>
<tag>user</tag>
<status status="PASS" starttime="20220420 12:30:52.304" endtime="20220420 12:31:01.277"/>
</test>
<status status="PASS" starttime="20220420 12:28:22.903" endtime="20220420 12:31:01.301"/>
</suite>
<statistics>
<total>
<stat pass="11" fail="0" skip="0">All Tests</stat>
</total>
<tag>
<stat pass="5" fail="0" skip="0">seller</stat>
<stat pass="6" fail="0" skip="0">User</stat>
</tag>
<suite>
<stat pass="11" fail="0" skip="0" id="s1" name="App">App</stat>
</suite>
</statistics>
<errors>
</errors>
</robot>
