<?xml version="1.0" encoding="UTF-8"?>
<robot generator="Robot 5.0 (Python 3.10.2 on win32)" generated="20220422 13:58:51.756" rpa="false" schemaversion="3">
<suite id="s1" name="App" source="C:\Users\HP\PycharmProjects\EcommerceRobotFramework\Tests\Onestop\FunctionalTestSuite\App.robot">
<test id="s1-t1" name="User Registration Test" line="8">
<kw name="Open Browser" library="SeleniumLibrary">
<arg>${web_url}</arg>
<arg>chrome</arg>
<doc>Opens a new browser instance to the optional ``url``.</doc>
<msg timestamp="20220422 13:58:52.201" level="INFO">Opening browser 'chrome' to base url 'http://127.0.0.1:5000'.</msg>
<status status="PASS" starttime="20220422 13:58:52.200" endtime="20220422 13:58:56.457"/>
</kw>
<kw name="Maximize Browser Window" library="SeleniumLibrary">
<doc>Maximizes current browser window.</doc>
<status status="PASS" starttime="20220422 13:58:56.458" endtime="20220422 13:58:56.614"/>
</kw>
<kw name="Sleep" library="BuiltIn">
<arg>1s</arg>
<doc>Pauses the test executed for the given time.</doc>
<msg timestamp="20220422 13:58:57.620" level="INFO">Slept 1 second</msg>
<status status="PASS" starttime="20220422 13:58:56.617" endtime="20220422 13:58:57.620"/>
</kw>
<kw name="Execute Javascript" library="SeleniumLibrary">
<arg>window.scrollTo(0,400)</arg>
<doc>Executes the given JavaScript code with possible arguments.</doc>
<msg timestamp="20220422 13:58:57.623" level="INFO">Executing JavaScript:
window.scrollTo(0,400)
Without any arguments.</msg>
<status status="PASS" starttime="20220422 13:58:57.621" endtime="20220422 13:58:57.640"/>
</kw>
<kw name="Sleep" library="BuiltIn">
<arg>1s</arg>
<doc>Pauses the test executed for the given time.</doc>
<msg timestamp="20220422 13:58:58.642" level="INFO">Slept 1 second</msg>
<status status="PASS" starttime="20220422 13:58:57.641" endtime="20220422 13:58:58.642"/>
</kw>
<kw name="Click Element" library="SeleniumLibrary">
<arg>xpath://html/body/section/div/div/div[2]/div[3]/div/form/div/center[2]/p/a</arg>
<doc>Click the element identified by ``locator``.</doc>
<msg timestamp="20220422 13:58:58.645" level="INFO">Clicking element 'xpath://html/body/section/div/div/div[2]/div[3]/div/form/div/center[2]/p/a'.</msg>
<status status="PASS" starttime="20220422 13:58:58.644" endtime="20220422 13:58:59.453"/>
</kw>
<kw name="Test name">
<kw name="Input Text" library="SeleniumLibrary">
<arg>name:name</arg>
<arg>Dhanush</arg>
<doc>Types the given ``text`` into the text field identified by ``locator``.</doc>
<msg timestamp="20220422 13:58:59.458" level="INFO">Typing text 'Dhanush' into text field 'name:name'.</msg>
<status status="PASS" starttime="20220422 13:58:59.456" endtime="20220422 13:58:59.737"/>
</kw>
<status status="PASS" starttime="20220422 13:58:59.455" endtime="20220422 13:58:59.738"/>
</kw>
<kw name="Sleep" library="BuiltIn">
<arg>1s</arg>
<doc>Pauses the test executed for the given time.</doc>
<msg timestamp="20220422 13:59:00.740" level="INFO">Slept 1 second</msg>
<status status="PASS" starttime="20220422 13:58:59.739" endtime="20220422 13:59:00.740"/>
</kw>
<kw name="Test user age">
<kw name="Input Text" library="SeleniumLibrary">
<arg>name:age</arg>
<arg>20</arg>
<doc>Types the given ``text`` into the text field identified by ``locator``.</doc>
<msg timestamp="20220422 13:59:00.742" level="INFO">Typing text '20' into text field 'name:age'.</msg>
<status status="PASS" starttime="20220422 13:59:00.742" endtime="20220422 13:59:00.893"/>
</kw>
<status status="PASS" starttime="20220422 13:59:00.741" endtime="20220422 13:59:00.893"/>
</kw>
<kw name="Sleep" library="BuiltIn">
<arg>1s</arg>
<doc>Pauses the test executed for the given time.</doc>
<msg timestamp="20220422 13:59:01.897" level="INFO">Slept 1 second</msg>
<status status="PASS" starttime="20220422 13:59:00.894" endtime="20220422 13:59:01.897"/>
</kw>
<kw name="Test user gender">
<kw name="Click Element" library="SeleniumLibrary">
<arg>Xpath:/html/body/section/div/div/div/div/div/div[2]/div/form/table/tbody/tr[3]/td[2]/div/select</arg>
<doc>Click the element identified by ``locator``.</doc>
<msg timestamp="20220422 13:59:01.898" level="INFO">Clicking element 'Xpath:/html/body/section/div/div/div/div/div/div[2]/div/form/table/tbody/tr[3]/td[2]/div/select'.</msg>
<status status="PASS" starttime="20220422 13:59:01.898" endtime="20220422 13:59:02.015"/>
</kw>
<status status="PASS" starttime="20220422 13:59:01.897" endtime="20220422 13:59:02.016"/>
</kw>
<kw name="Sleep" library="BuiltIn">
<arg>1s</arg>
<doc>Pauses the test executed for the given time.</doc>
<msg timestamp="20220422 13:59:03.023" level="INFO">Slept 1 second</msg>
<status status="PASS" starttime="20220422 13:59:02.022" endtime="20220422 13:59:03.024"/>
</kw>
<kw name="Test select">
<kw name="Click Element" library="SeleniumLibrary">
<arg>Xpath:/html/body/section/div/div/div/div/div/div[2]/div/form/table/tbody/tr[3]/td[2]/div/select/option[2]</arg>
<doc>Click the element identified by ``locator``.</doc>
<msg timestamp="20220422 13:59:03.027" level="INFO">Clicking element 'Xpath:/html/body/section/div/div/div/div/div/div[2]/div/form/table/tbody/tr[3]/td[2]/div/select/option[2]'.</msg>
<status status="PASS" starttime="20220422 13:59:03.027" endtime="20220422 13:59:03.113"/>
</kw>
<status status="PASS" starttime="20220422 13:59:03.026" endtime="20220422 13:59:03.115"/>
</kw>
<kw name="Sleep" library="BuiltIn">
<arg>1s</arg>
<doc>Pauses the test executed for the given time.</doc>
<msg timestamp="20220422 13:59:04.120" level="INFO">Slept 1 second</msg>
<status status="PASS" starttime="20220422 13:59:03.119" endtime="20220422 13:59:04.120"/>
</kw>
<kw name="Execute Javascript" library="SeleniumLibrary">
<arg>window.scrollTo(0,900)</arg>
<doc>Executes the given JavaScript code with possible arguments.</doc>
<msg timestamp="20220422 13:59:04.122" level="INFO">Executing JavaScript:
window.scrollTo(0,900)
Without any arguments.</msg>
<status status="PASS" starttime="20220422 13:59:04.121" endtime="20220422 13:59:04.132"/>
</kw>
<kw name="Sleep" library="BuiltIn">
<arg>1s</arg>
<doc>Pauses the test executed for the given time.</doc>
<msg timestamp="20220422 13:59:05.134" level="INFO">Slept 1 second</msg>
<status status="PASS" starttime="20220422 13:59:04.133" endtime="20220422 13:59:05.134"/>
</kw>
<kw name="Test user address">
<kw name="Input Text" library="SeleniumLibrary">
<arg>name:add</arg>
<arg>Hosur</arg>
<doc>Types the given ``text`` into the text field identified by ``locator``.</doc>
<msg timestamp="20220422 13:59:05.137" level="INFO">Typing text 'Hosur' into text field 'name:add'.</msg>
<status status="PASS" starttime="20220422 13:59:05.137" endtime="20220422 13:59:05.283"/>
</kw>
<status status="PASS" starttime="20220422 13:59:05.136" endtime="20220422 13:59:05.283"/>
</kw>
<kw name="Sleep" library="BuiltIn">
<arg>1s</arg>
<doc>Pauses the test executed for the given time.</doc>
<msg timestamp="20220422 13:59:06.285" level="INFO">Slept 1 second</msg>
<status status="PASS" starttime="20220422 13:59:05.284" endtime="20220422 13:59:06.285"/>
</kw>
<kw name="Input Text" library="SeleniumLibrary">
<arg>name:email</arg>
<arg>starvenkat18@gmail.com</arg>
<doc>Types the given ``text`` into the text field identified by ``locator``.</doc>
<msg timestamp="20220422 13:59:06.286" level="INFO">Typing text 'starvenkat18@gmail.com' into text field 'name:email'.</msg>
<status status="PASS" starttime="20220422 13:59:06.286" endtime="20220422 13:59:06.622"/>
</kw>
<kw name="Sleep" library="BuiltIn">
<arg>1s</arg>
<doc>Pauses the test executed for the given time.</doc>
<msg timestamp="20220422 13:59:07.624" level="INFO">Slept 1 second</msg>
<status status="PASS" starttime="20220422 13:59:06.623" endtime="20220422 13:59:07.624"/>
</kw>
<kw name="Test phone">
<kw name="Input Text" library="SeleniumLibrary">
<arg>name:pno</arg>
<arg>9361428388</arg>
<doc>Types the given ``text`` into the text field identified by ``locator``.</doc>
<msg timestamp="20220422 13:59:07.652" level="INFO">Typing text '9361428388' into text field 'name:pno'.</msg>
<status status="PASS" starttime="20220422 13:59:07.651" endtime="20220422 13:59:08.187"/>
</kw>
<status status="PASS" starttime="20220422 13:59:07.649" endtime="20220422 13:59:08.187"/>
</kw>
<kw name="Sleep" library="BuiltIn">
<arg>1s</arg>
<doc>Pauses the test executed for the given time.</doc>
<msg timestamp="20220422 13:59:09.193" level="INFO">Slept 1 second</msg>
<status status="PASS" starttime="20220422 13:59:08.191" endtime="20220422 13:59:09.194"/>
</kw>
<kw name="Test password">
<kw name="Input Text" library="SeleniumLibrary">
<arg>name:pass</arg>
<arg>12345</arg>
<doc>Types the given ``text`` into the text field identified by ``locator``.</doc>
<msg timestamp="20220422 13:59:09.201" level="INFO">Typing text '12345' into text field 'name:pass'.</msg>
<status status="PASS" starttime="20220422 13:59:09.200" endtime="20220422 13:59:09.443"/>
</kw>
<status status="PASS" starttime="20220422 13:59:09.196" endtime="20220422 13:59:09.444"/>
</kw>
<kw name="Sleep" library="BuiltIn">
<arg>1s</arg>
<doc>Pauses the test executed for the given time.</doc>
<msg timestamp="20220422 13:59:10.447" level="INFO">Slept 1 second</msg>
<status status="PASS" starttime="20220422 13:59:09.445" endtime="20220422 13:59:10.447"/>
</kw>
<kw name="Click Button" library="SeleniumLibrary">
<arg>Xpath:/html/body/section/div/div/div/div/div/div[2]/div/form/center/button</arg>
<doc>Clicks the button identified by ``locator``.</doc>
<msg timestamp="20220422 13:59:10.448" level="INFO">Clicking button 'Xpath:/html/body/section/div/div/div/div/div/div[2]/div/form/center/button'.</msg>
<status status="PASS" starttime="20220422 13:59:10.448" endtime="20220422 13:59:11.055"/>
</kw>
<kw name="Sleep" library="BuiltIn">
<arg>4s</arg>
<doc>Pauses the test executed for the given time.</doc>
<msg timestamp="20220422 13:59:15.057" level="INFO">Slept 4 seconds</msg>
<status status="PASS" starttime="20220422 13:59:11.056" endtime="20220422 13:59:15.058"/>
</kw>
<doc>this is for user registration test</doc>
<tag>User</tag>
<status status="PASS" starttime="20220422 13:58:52.199" endtime="20220422 13:59:15.059"/>
</test>
<test id="s1-t2" name="Test User Login" line="39">
<kw name="Test email">
<kw name="Input Text" library="SeleniumLibrary">
<arg>name:email</arg>
<arg>dhanush1@gmail.com</arg>
<doc>Types the given ``text`` into the text field identified by ``locator``.</doc>
<msg timestamp="20220422 13:59:15.069" level="INFO">Typing text 'dhanush1@gmail.com' into text field 'name:email'.</msg>
<status status="PASS" starttime="20220422 13:59:15.068" endtime="20220422 13:59:15.628"/>
</kw>
<status status="PASS" starttime="20220422 13:59:15.067" endtime="20220422 13:59:15.629"/>
</kw>
<kw name="Test password">
<kw name="Input Text" library="SeleniumLibrary">
<arg>name:pass</arg>
<arg>12345</arg>
<doc>Types the given ``text`` into the text field identified by ``locator``.</doc>
<msg timestamp="20220422 13:59:15.641" level="INFO">Typing text '12345' into text field 'name:pass'.</msg>
<status status="PASS" starttime="20220422 13:59:15.640" endtime="20220422 13:59:16.091"/>
</kw>
<status status="PASS" starttime="20220422 13:59:15.639" endtime="20220422 13:59:16.093"/>
</kw>
<kw name="Click Button" library="SeleniumLibrary">
<arg>Xpath:/html/body/section/div/div/div[2]/div[3]/div/form/div/button</arg>
<doc>Clicks the button identified by ``locator``.</doc>
<msg timestamp="20220422 13:59:16.119" level="INFO">Clicking button 'Xpath:/html/body/section/div/div/div[2]/div[3]/div/form/div/button'.</msg>
<status status="PASS" starttime="20220422 13:59:16.117" endtime="20220422 13:59:19.518"/>
</kw>
<kw name="Sleep" library="BuiltIn">
<arg>2s</arg>
<doc>Pauses the test executed for the given time.</doc>
<msg timestamp="20220422 13:59:21.525" level="INFO">Slept 2 seconds</msg>
<status status="PASS" starttime="20220422 13:59:19.524" endtime="20220422 13:59:21.525"/>
</kw>
<doc>this page for user login</doc>
<tag>user</tag>
<status status="PASS" starttime="20220422 13:59:15.063" endtime="20220422 13:59:21.526"/>
</test>
<test id="s1-t3" name="Buy Product Test" line="49">
<kw name="Sleep" library="BuiltIn">
<arg>1s</arg>
<doc>Pauses the test executed for the given time.</doc>
<msg timestamp="20220422 13:59:22.531" level="INFO">Slept 1 second</msg>
<status status="PASS" starttime="20220422 13:59:21.531" endtime="20220422 13:59:22.532"/>
</kw>
<kw name="Click Element" library="SeleniumLibrary">
<arg>xpath://html/body/nav/div/div/ul/li/a</arg>
<doc>Click the element identified by ``locator``.</doc>
<msg timestamp="20220422 13:59:22.533" level="INFO">Clicking element 'xpath://html/body/nav/div/div/ul/li/a'.</msg>
<status status="PASS" starttime="20220422 13:59:22.532" endtime="20220422 13:59:22.653"/>
</kw>
<kw name="Sleep" library="BuiltIn">
<arg>1s</arg>
<doc>Pauses the test executed for the given time.</doc>
<msg timestamp="20220422 13:59:23.655" level="INFO">Slept 1 second</msg>
<status status="PASS" starttime="20220422 13:59:22.654" endtime="20220422 13:59:23.655"/>
</kw>
<kw name="Click Element" library="SeleniumLibrary">
<arg>xpath://html/body/nav/div/div/ul/li/ul/li[8]/a</arg>
<doc>Click the element identified by ``locator``.</doc>
<msg timestamp="20220422 13:59:23.657" level="INFO">Clicking element 'xpath://html/body/nav/div/div/ul/li/ul/li[8]/a'.</msg>
<status status="PASS" starttime="20220422 13:59:23.657" endtime="20220422 13:59:23.812"/>
</kw>
<kw name="Sleep" library="BuiltIn">
<arg>1s</arg>
<doc>Pauses the test executed for the given time.</doc>
<msg timestamp="20220422 13:59:24.814" level="INFO">Slept 1 second</msg>
<status status="PASS" starttime="20220422 13:59:23.813" endtime="20220422 13:59:24.814"/>
</kw>
<kw name="Click Element" library="SeleniumLibrary">
<arg>xpath://html/body/div[17]/div/div[2]/center/div/div[2]/center/a</arg>
<doc>Click the element identified by ``locator``.</doc>
<msg timestamp="20220422 13:59:24.816" level="INFO">Clicking element 'xpath://html/body/div[17]/div/div[2]/center/div/div[2]/center/a'.</msg>
<status status="PASS" starttime="20220422 13:59:24.815" endtime="20220422 13:59:25.656"/>
</kw>
<kw name="Sleep" library="BuiltIn">
<arg>1s</arg>
<doc>Pauses the test executed for the given time.</doc>
<msg timestamp="20220422 13:59:26.659" level="INFO">Slept 1 second</msg>
<status status="PASS" starttime="20220422 13:59:25.658" endtime="20220422 13:59:26.659"/>
</kw>
<kw name="Execute Javascript" library="SeleniumLibrary">
<arg>window.scrollTo(0,300)</arg>
<doc>Executes the given JavaScript code with possible arguments.</doc>
<msg timestamp="20220422 13:59:26.662" level="INFO">Executing JavaScript:
window.scrollTo(0,300)
Without any arguments.</msg>
<status status="PASS" starttime="20220422 13:59:26.661" endtime="20220422 13:59:26.677"/>
</kw>
<kw name="Sleep" library="BuiltIn">
<arg>1s</arg>
<doc>Pauses the test executed for the given time.</doc>
<msg timestamp="20220422 13:59:27.681" level="INFO">Slept 1 second</msg>
<status status="PASS" starttime="20220422 13:59:26.680" endtime="20220422 13:59:27.682"/>
</kw>
<doc>theis is for buying the product test</doc>
<tag>user</tag>
<status status="PASS" starttime="20220422 13:59:21.529" endtime="20220422 13:59:27.690"/>
</test>
<test id="s1-t4" name="View Cart Test" line="62">
<kw name="Click Element" library="SeleniumLibrary">
<arg>xpath://html/body/div/div/div/aside[2]/article/a</arg>
<doc>Click the element identified by ``locator``.</doc>
<msg timestamp="20220422 13:59:27.719" level="INFO">Clicking element 'xpath://html/body/div/div/div/aside[2]/article/a'.</msg>
<status status="PASS" starttime="20220422 13:59:27.719" endtime="20220422 13:59:28.821"/>
</kw>
<kw name="Sleep" library="BuiltIn">
<arg>1s</arg>
<doc>Pauses the test executed for the given time.</doc>
<msg timestamp="20220422 13:59:29.825" level="INFO">Slept 1 second</msg>
<status status="PASS" starttime="20220422 13:59:28.823" endtime="20220422 13:59:29.825"/>
</kw>
<kw name="Click Element" library="SeleniumLibrary">
<arg>xpath://html/body/div/nav/div/div/ul/li/a</arg>
<doc>Click the element identified by ``locator``.</doc>
<msg timestamp="20220422 13:59:29.827" level="INFO">Clicking element 'xpath://html/body/div/nav/div/div/ul/li/a'.</msg>
<status status="PASS" starttime="20220422 13:59:29.826" endtime="20220422 13:59:32.253"/>
</kw>
<kw name="Sleep" library="BuiltIn">
<arg>1s</arg>
<doc>Pauses the test executed for the given time.</doc>
<msg timestamp="20220422 13:59:33.256" level="INFO">Slept 1 second</msg>
<status status="PASS" starttime="20220422 13:59:32.254" endtime="20220422 13:59:33.256"/>
</kw>
<doc>this page for cart view</doc>
<tag>user</tag>
<status status="PASS" starttime="20220422 13:59:27.717" endtime="20220422 13:59:33.257"/>
</test>
<test id="s1-t5" name="Search the product Test" line="69">
<kw name="Test Search Product">
<kw name="Input Text" library="SeleniumLibrary">
<arg>name:sea</arg>
<arg>OnePlus Nord CE 5G</arg>
<doc>Types the given ``text`` into the text field identified by ``locator``.</doc>
<msg timestamp="20220422 13:59:33.263" level="INFO">Typing text 'OnePlus Nord CE 5G' into text field 'name:sea'.</msg>
<status status="PASS" starttime="20220422 13:59:33.262" endtime="20220422 13:59:33.551"/>
</kw>
<status status="PASS" starttime="20220422 13:59:33.262" endtime="20220422 13:59:33.551"/>
</kw>
<kw name="Click Button" library="SeleniumLibrary">
<arg>xpath://html/body/nav/div/div/div/form/button</arg>
<doc>Clicks the button identified by ``locator``.</doc>
<msg timestamp="20220422 13:59:33.553" level="INFO">Clicking button 'xpath://html/body/nav/div/div/div/form/button'.</msg>
<status status="PASS" starttime="20220422 13:59:33.552" endtime="20220422 13:59:34.164"/>
</kw>
<kw name="Execute Javascript" library="SeleniumLibrary">
<arg>window.scrollTo(0,800)</arg>
<doc>Executes the given JavaScript code with possible arguments.</doc>
<msg timestamp="20220422 13:59:34.172" level="INFO">Executing JavaScript:
window.scrollTo(0,800)
Without any arguments.</msg>
<status status="PASS" starttime="20220422 13:59:34.168" endtime="20220422 13:59:34.198"/>
</kw>
<kw name="Sleep" library="BuiltIn">
<arg>1s</arg>
<doc>Pauses the test executed for the given time.</doc>
<msg timestamp="20220422 13:59:35.210" level="INFO">Slept 1 second</msg>
<status status="PASS" starttime="20220422 13:59:34.209" endtime="20220422 13:59:35.211"/>
</kw>
<kw name="Click Element" library="SeleniumLibrary">
<arg>xpath://html/body/div[3]/div/div/center/div/div[2]/center/a</arg>
<doc>Click the element identified by ``locator``.</doc>
<msg timestamp="20220422 13:59:35.214" level="INFO">Clicking element 'xpath://html/body/div[3]/div/div/center/div/div[2]/center/a'.</msg>
<status status="PASS" starttime="20220422 13:59:35.214" endtime="20220422 13:59:35.782"/>
</kw>
<kw name="Sleep" library="BuiltIn">
<arg>1s</arg>
<doc>Pauses the test executed for the given time.</doc>
<msg timestamp="20220422 13:59:36.786" level="INFO">Slept 1 second</msg>
<status status="PASS" starttime="20220422 13:59:35.784" endtime="20220422 13:59:36.787"/>
</kw>
<kw name="Execute Javascript" library="SeleniumLibrary">
<arg>window.scrollTo(0,600)</arg>
<doc>Executes the given JavaScript code with possible arguments.</doc>
<msg timestamp="20220422 13:59:36.789" level="INFO">Executing JavaScript:
window.scrollTo(0,600)
Without any arguments.</msg>
<status status="PASS" starttime="20220422 13:59:36.788" endtime="20220422 13:59:36.801"/>
</kw>
<kw name="Sleep" library="BuiltIn">
<arg>1s</arg>
<doc>Pauses the test executed for the given time.</doc>
<msg timestamp="20220422 13:59:37.803" level="INFO">Slept 1 second</msg>
<status status="PASS" starttime="20220422 13:59:36.801" endtime="20220422 13:59:37.803"/>
</kw>
<kw name="Click Element" library="SeleniumLibrary">
<arg>xpath://html/body/div/div/div/aside[2]/article/a</arg>
<doc>Click the element identified by ``locator``.</doc>
<msg timestamp="20220422 13:59:37.805" level="INFO">Clicking element 'xpath://html/body/div/div/div/aside[2]/article/a'.</msg>
<status status="PASS" starttime="20220422 13:59:37.804" endtime="20220422 13:59:38.381"/>
</kw>
<doc>this is for search the product</doc>
<tag>user</tag>
<status status="PASS" starttime="20220422 13:59:33.260" endtime="20220422 13:59:38.383"/>
</test>
<test id="s1-t6" name="Remove the product form cart test" line="81">
<kw name="Sleep" library="BuiltIn">
<arg>1s</arg>
<doc>Pauses the test executed for the given time.</doc>
<msg timestamp="20220422 13:59:39.391" level="INFO">Slept 1 second</msg>
<status status="PASS" starttime="20220422 13:59:38.389" endtime="20220422 13:59:39.391"/>
</kw>
<kw name="Click Element" library="SeleniumLibrary">
<arg>xpath:/html/body/div/div/div/form[1]/table/tbody/tr/td[4]/a[2]</arg>
<doc>Click the element identified by ``locator``.</doc>
<msg timestamp="20220422 13:59:39.394" level="INFO">Clicking element 'xpath:/html/body/div/div/div/form[1]/table/tbody/tr/td[4]/a[2]'.</msg>
<status status="PASS" starttime="20220422 13:59:39.393" endtime="20220422 13:59:39.934"/>
</kw>
<kw name="Sleep" library="BuiltIn">
<arg>1s</arg>
<doc>Pauses the test executed for the given time.</doc>
<msg timestamp="20220422 13:59:40.938" level="INFO">Slept 1 second</msg>
<status status="PASS" starttime="20220422 13:59:39.937" endtime="20220422 13:59:40.938"/>
</kw>
<doc>this is for remove the product</doc>
<tag>user</tag>
<status status="PASS" starttime="20220422 13:59:38.386" endtime="20220422 13:59:40.939"/>
</test>
<test id="s1-t7" name="Payment Test" line="87">
<kw name="Click Button" library="SeleniumLibrary">
<arg>xpath:/html/body/div/div/div/center[2]/a/button</arg>
<doc>Clicks the button identified by ``locator``.</doc>
<msg timestamp="20220422 13:59:40.945" level="INFO">Clicking button 'xpath:/html/body/div/div/div/center[2]/a/button'.</msg>
<status status="PASS" starttime="20220422 13:59:40.944" endtime="20220422 13:59:41.659"/>
</kw>
<kw name="Sleep" library="BuiltIn">
<arg>1s</arg>
<doc>Pauses the test executed for the given time.</doc>
<msg timestamp="20220422 13:59:42.662" level="INFO">Slept 1 second</msg>
<status status="PASS" starttime="20220422 13:59:41.661" endtime="20220422 13:59:42.662"/>
</kw>
<kw name="Input Text" library="SeleniumLibrary">
<arg>name:cardnumber</arg>
<arg>2345676</arg>
<doc>Types the given ``text`` into the text field identified by ``locator``.</doc>
<msg timestamp="20220422 13:59:42.664" level="INFO">Typing text '2345676' into text field 'name:cardnumber'.</msg>
<status status="PASS" starttime="20220422 13:59:42.663" endtime="20220422 13:59:42.825"/>
</kw>
<kw name="Input Text" library="SeleniumLibrary">
<arg>name:cardexpiration</arg>
<arg>12/2028</arg>
<doc>Types the given ``text`` into the text field identified by ``locator``.</doc>
<msg timestamp="20220422 13:59:42.826" level="INFO">Typing text '12/2028' into text field 'name:cardexpiration'.</msg>
<status status="PASS" starttime="20220422 13:59:42.826" endtime="20220422 13:59:42.954"/>
</kw>
<kw name="Input Text" library="SeleniumLibrary">
<arg>name:cardcvc</arg>
<arg>432</arg>
<doc>Types the given ``text`` into the text field identified by ``locator``.</doc>
<msg timestamp="20220422 13:59:42.955" level="INFO">Typing text '432' into text field 'name:cardcvc'.</msg>
<status status="PASS" starttime="20220422 13:59:42.955" endtime="20220422 13:59:43.080"/>
</kw>
<kw name="Click Button" library="SeleniumLibrary">
<arg>xpath://html/body/div[2]/div[2]/div[2]/a/button</arg>
<doc>Clicks the button identified by ``locator``.</doc>
<msg timestamp="20220422 13:59:43.081" level="INFO">Clicking button 'xpath://html/body/div[2]/div[2]/div[2]/a/button'.</msg>
<status status="PASS" starttime="20220422 13:59:43.081" endtime="20220422 13:59:44.391"/>
</kw>
<kw name="Execute Javascript" library="SeleniumLibrary">
<arg>window.scrollTo(0,300)</arg>
<doc>Executes the given JavaScript code with possible arguments.</doc>
<msg timestamp="20220422 13:59:44.393" level="INFO">Executing JavaScript:
window.scrollTo(0,300)
Without any arguments.</msg>
<status status="PASS" starttime="20220422 13:59:44.392" endtime="20220422 13:59:44.400"/>
</kw>
<kw name="Sleep" library="BuiltIn">
<arg>2s</arg>
<doc>Pauses the test executed for the given time.</doc>
<msg timestamp="20220422 13:59:46.401" level="INFO">Slept 2 seconds</msg>
<status status="PASS" starttime="20220422 13:59:44.400" endtime="20220422 13:59:46.402"/>
</kw>
<kw name="Execute Javascript" library="SeleniumLibrary">
<arg>window.scrollTo(0,-400)</arg>
<doc>Executes the given JavaScript code with possible arguments.</doc>
<msg timestamp="20220422 13:59:46.404" level="INFO">Executing JavaScript:
window.scrollTo(0,-400)
Without any arguments.</msg>
<status status="PASS" starttime="20220422 13:59:46.403" endtime="20220422 13:59:46.416"/>
</kw>
<kw name="Sleep" library="BuiltIn">
<arg>2s</arg>
<doc>Pauses the test executed for the given time.</doc>
<msg timestamp="20220422 13:59:48.420" level="INFO">Slept 2 seconds</msg>
<status status="PASS" starttime="20220422 13:59:46.418" endtime="20220422 13:59:48.420"/>
</kw>
<kw name="Click Element" library="SeleniumLibrary">
<arg>xpath://html/body/div/nav/div/div/ul/li/a</arg>
<doc>Click the element identified by ``locator``.</doc>
<msg timestamp="20220422 13:59:48.421" level="INFO">Clicking element 'xpath://html/body/div/nav/div/div/ul/li/a'.</msg>
<status status="PASS" starttime="20220422 13:59:48.421" endtime="20220422 13:59:50.160"/>
</kw>
<kw name="Sleep" library="BuiltIn">
<arg>1s</arg>
<doc>Pauses the test executed for the given time.</doc>
<msg timestamp="20220422 13:59:51.162" level="INFO">Slept 1 second</msg>
<status status="PASS" starttime="20220422 13:59:50.161" endtime="20220422 13:59:51.162"/>
</kw>
<doc>this is for payment page</doc>
<tag>user</tag>
<status status="PASS" starttime="20220422 13:59:40.942" endtime="20220422 13:59:51.164"/>
</test>
<test id="s1-t8" name="View Order Status Test" line="102">
<kw name="Click Element" library="SeleniumLibrary">
<arg>xpath://html/body/nav/div/div/div/div/a/img</arg>
<doc>Click the element identified by ``locator``.</doc>
<msg timestamp="20220422 13:59:51.175" level="INFO">Clicking element 'xpath://html/body/nav/div/div/div/div/a/img'.</msg>
<status status="PASS" starttime="20220422 13:59:51.175" endtime="20220422 13:59:51.290"/>
</kw>
<kw name="Sleep" library="BuiltIn">
<arg>1s</arg>
<doc>Pauses the test executed for the given time.</doc>
<msg timestamp="20220422 13:59:52.292" level="INFO">Slept 1 second</msg>
<status status="PASS" starttime="20220422 13:59:51.291" endtime="20220422 13:59:52.292"/>
</kw>
<kw name="Click Element" library="SeleniumLibrary">
<arg>xpath://html/body/nav/div/div/div/div/ul/li[2]/a</arg>
<doc>Click the element identified by ``locator``.</doc>
<msg timestamp="20220422 13:59:52.293" level="INFO">Clicking element 'xpath://html/body/nav/div/div/div/div/ul/li[2]/a'.</msg>
<status status="PASS" starttime="20220422 13:59:52.293" endtime="20220422 13:59:52.725"/>
</kw>
<kw name="Sleep" library="BuiltIn">
<arg>1s</arg>
<doc>Pauses the test executed for the given time.</doc>
<msg timestamp="20220422 13:59:53.727" level="INFO">Slept 1 second</msg>
<status status="PASS" starttime="20220422 13:59:52.726" endtime="20220422 13:59:53.727"/>
</kw>
<kw name="Execute Javascript" library="SeleniumLibrary">
<arg>window.scrollTo(0,600)</arg>
<doc>Executes the given JavaScript code with possible arguments.</doc>
<msg timestamp="20220422 13:59:53.730" level="INFO">Executing JavaScript:
window.scrollTo(0,600)
Without any arguments.</msg>
<status status="PASS" starttime="20220422 13:59:53.729" endtime="20220422 13:59:53.740"/>
</kw>
<kw name="Sleep" library="BuiltIn">
<arg>3s</arg>
<doc>Pauses the test executed for the given time.</doc>
<msg timestamp="20220422 13:59:56.742" level="INFO">Slept 3 seconds</msg>
<status status="PASS" starttime="20220422 13:59:53.740" endtime="20220422 13:59:56.742"/>
</kw>
<kw name="Execute Javascript" library="SeleniumLibrary">
<arg>window.scrollTo(0,-600)</arg>
<doc>Executes the given JavaScript code with possible arguments.</doc>
<msg timestamp="20220422 13:59:56.743" level="INFO">Executing JavaScript:
window.scrollTo(0,-600)
Without any arguments.</msg>
<status status="PASS" starttime="20220422 13:59:56.743" endtime="20220422 13:59:56.749"/>
</kw>
<kw name="Sleep" library="BuiltIn">
<arg>2s</arg>
<doc>Pauses the test executed for the given time.</doc>
<msg timestamp="20220422 13:59:58.751" level="INFO">Slept 2 seconds</msg>
<status status="PASS" starttime="20220422 13:59:56.750" endtime="20220422 13:59:58.751"/>
</kw>
<doc>this is for view order details</doc>
<tag>user</tag>
<status status="PASS" starttime="20220422 13:59:51.174" endtime="20220422 13:59:58.752"/>
</test>
<test id="s1-t9" name="user Update Test" line="114">
<kw name="Click Element" library="SeleniumLibrary">
<arg>xpath://html/body/nav/div/div/div/div/a/img</arg>
<doc>Click the element identified by ``locator``.</doc>
<msg timestamp="20220422 13:59:58.756" level="INFO">Clicking element 'xpath://html/body/nav/div/div/div/div/a/img'.</msg>
<status status="PASS" starttime="20220422 13:59:58.756" endtime="20220422 13:59:58.836"/>
</kw>
<kw name="Sleep" library="BuiltIn">
<arg>1s</arg>
<doc>Pauses the test executed for the given time.</doc>
<msg timestamp="20220422 13:59:59.842" level="INFO">Slept 1 second</msg>
<status status="PASS" starttime="20220422 13:59:58.841" endtime="20220422 13:59:59.843"/>
</kw>
<kw name="Click Element" library="SeleniumLibrary">
<arg>xpath://html/body/nav/div/div/div/div/ul/li[1]/a</arg>
<doc>Click the element identified by ``locator``.</doc>
<msg timestamp="20220422 13:59:59.845" level="INFO">Clicking element 'xpath://html/body/nav/div/div/div/div/ul/li[1]/a'.</msg>
<status status="PASS" starttime="20220422 13:59:59.844" endtime="20220422 14:00:00.522"/>
</kw>
<kw name="Sleep" library="BuiltIn">
<arg>1s</arg>
<doc>Pauses the test executed for the given time.</doc>
<msg timestamp="20220422 14:00:01.525" level="INFO">Slept 1 second</msg>
<status status="PASS" starttime="20220422 14:00:00.524" endtime="20220422 14:00:01.525"/>
</kw>
<kw name="Input Text" library="SeleniumLibrary">
<arg>name:name</arg>
<arg>Sree</arg>
<doc>Types the given ``text`` into the text field identified by ``locator``.</doc>
<msg timestamp="20220422 14:00:01.526" level="INFO">Typing text 'Sree' into text field 'name:name'.</msg>
<status status="PASS" starttime="20220422 14:00:01.526" endtime="20220422 14:00:01.667"/>
</kw>
<kw name="Test user age">
<kw name="Input Text" library="SeleniumLibrary">
<arg>name:age</arg>
<arg>20</arg>
<doc>Types the given ``text`` into the text field identified by ``locator``.</doc>
<msg timestamp="20220422 14:00:01.670" level="INFO">Typing text '20' into text field 'name:age'.</msg>
<status status="PASS" starttime="20220422 14:00:01.669" endtime="20220422 14:00:01.779"/>
</kw>
<status status="PASS" starttime="20220422 14:00:01.668" endtime="20220422 14:00:01.779"/>
</kw>
<kw name="Sleep" library="BuiltIn">
<arg>1s</arg>
<doc>Pauses the test executed for the given time.</doc>
<msg timestamp="20220422 14:00:02.781" level="INFO">Slept 1 second</msg>
<status status="PASS" starttime="20220422 14:00:01.781" endtime="20220422 14:00:02.781"/>
</kw>
<kw name="Test user gender">
<kw name="Click Element" library="SeleniumLibrary">
<arg>Xpath:/html/body/section/div/div/div/div/div/div[2]/div/form/table/tbody/tr[3]/td[2]/div/select</arg>
<doc>Click the element identified by ``locator``.</doc>
<msg timestamp="20220422 14:00:02.785" level="INFO">Clicking element 'Xpath:/html/body/section/div/div/div/div/div/div[2]/div/form/table/tbody/tr[3]/td[2]/div/select'.</msg>
<status status="PASS" starttime="20220422 14:00:02.784" endtime="20220422 14:00:02.941"/>
</kw>
<status status="PASS" starttime="20220422 14:00:02.783" endtime="20220422 14:00:02.941"/>
</kw>
<kw name="Sleep" library="BuiltIn">
<arg>1s</arg>
<doc>Pauses the test executed for the given time.</doc>
<msg timestamp="20220422 14:00:03.946" level="INFO">Slept 1 second</msg>
<status status="PASS" starttime="20220422 14:00:02.945" endtime="20220422 14:00:03.946"/>
</kw>
<kw name="Test select">
<kw name="Click Element" library="SeleniumLibrary">
<arg>Xpath:/html/body/section/div/div/div/div/div/div[2]/div/form/table/tbody/tr[3]/td[2]/div/select/option[2]</arg>
<doc>Click the element identified by ``locator``.</doc>
<msg timestamp="20220422 14:00:03.953" level="INFO">Clicking element 'Xpath:/html/body/section/div/div/div/div/div/div[2]/div/form/table/tbody/tr[3]/td[2]/div/select/option[2]'.</msg>
<status status="PASS" starttime="20220422 14:00:03.951" endtime="20220422 14:00:04.019"/>
</kw>
<status status="PASS" starttime="20220422 14:00:03.949" endtime="20220422 14:00:04.019"/>
</kw>
<kw name="Sleep" library="BuiltIn">
<arg>1s</arg>
<doc>Pauses the test executed for the given time.</doc>
<msg timestamp="20220422 14:00:05.022" level="INFO">Slept 1 second</msg>
<status status="PASS" starttime="20220422 14:00:04.020" endtime="20220422 14:00:05.023"/>
</kw>
<kw name="Execute Javascript" library="SeleniumLibrary">
<arg>window.scrollTo(0,900)</arg>
<doc>Executes the given JavaScript code with possible arguments.</doc>
<msg timestamp="20220422 14:00:05.026" level="INFO">Executing JavaScript:
window.scrollTo(0,900)
Without any arguments.</msg>
<status status="PASS" starttime="20220422 14:00:05.024" endtime="20220422 14:00:05.039"/>
</kw>
<kw name="Sleep" library="BuiltIn">
<arg>1s</arg>
<doc>Pauses the test executed for the given time.</doc>
<msg timestamp="20220422 14:00:06.040" level="INFO">Slept 1 second</msg>
<status status="PASS" starttime="20220422 14:00:05.039" endtime="20220422 14:00:06.040"/>
</kw>
<kw name="Test user address">
<kw name="Input Text" library="SeleniumLibrary">
<arg>name:add</arg>
<arg>Hosur</arg>
<doc>Types the given ``text`` into the text field identified by ``locator``.</doc>
<msg timestamp="20220422 14:00:06.042" level="INFO">Typing text 'Hosur' into text field 'name:add'.</msg>
<status status="PASS" starttime="20220422 14:00:06.042" endtime="20220422 14:00:06.234"/>
</kw>
<status status="PASS" starttime="20220422 14:00:06.041" endtime="20220422 14:00:06.234"/>
</kw>
<kw name="Sleep" library="BuiltIn">
<arg>1s</arg>
<doc>Pauses the test executed for the given time.</doc>
<msg timestamp="20220422 14:00:07.236" level="INFO">Slept 1 second</msg>
<status status="PASS" starttime="20220422 14:00:06.235" endtime="20220422 14:00:07.236"/>
</kw>
<kw name="Test email">
<kw name="Input Text" library="SeleniumLibrary">
<arg>name:email</arg>
<arg>dhanush1@gmail.com</arg>
<doc>Types the given ``text`` into the text field identified by ``locator``.</doc>
<msg timestamp="20220422 14:00:07.241" level="INFO">Typing text 'dhanush1@gmail.com' into text field 'name:email'.</msg>
<status status="PASS" starttime="20220422 14:00:07.240" endtime="20220422 14:00:07.438"/>
</kw>
<status status="PASS" starttime="20220422 14:00:07.239" endtime="20220422 14:00:07.438"/>
</kw>
<kw name="Sleep" library="BuiltIn">
<arg>1s</arg>
<doc>Pauses the test executed for the given time.</doc>
<msg timestamp="20220422 14:00:08.440" level="INFO">Slept 1 second</msg>
<status status="PASS" starttime="20220422 14:00:07.439" endtime="20220422 14:00:08.440"/>
</kw>
<kw name="Test phone">
<kw name="Input Text" library="SeleniumLibrary">
<arg>name:pno</arg>
<arg>9361428388</arg>
<doc>Types the given ``text`` into the text field identified by ``locator``.</doc>
<msg timestamp="20220422 14:00:08.442" level="INFO">Typing text '9361428388' into text field 'name:pno'.</msg>
<status status="PASS" starttime="20220422 14:00:08.441" endtime="20220422 14:00:08.608"/>
</kw>
<status status="PASS" starttime="20220422 14:00:08.441" endtime="20220422 14:00:08.608"/>
</kw>
<kw name="Sleep" library="BuiltIn">
<arg>1s</arg>
<doc>Pauses the test executed for the given time.</doc>
<msg timestamp="20220422 14:00:09.610" level="INFO">Slept 1 second</msg>
<status status="PASS" starttime="20220422 14:00:08.610" endtime="20220422 14:00:09.610"/>
</kw>
<kw name="Test password">
<kw name="Input Text" library="SeleniumLibrary">
<arg>name:pass</arg>
<arg>12345</arg>
<doc>Types the given ``text`` into the text field identified by ``locator``.</doc>
<msg timestamp="20220422 14:00:09.613" level="INFO">Typing text '12345' into text field 'name:pass'.</msg>
<status status="PASS" starttime="20220422 14:00:09.612" endtime="20220422 14:00:09.810"/>
</kw>
<status status="PASS" starttime="20220422 14:00:09.611" endtime="20220422 14:00:09.810"/>
</kw>
<kw name="Sleep" library="BuiltIn">
<arg>1s</arg>
<doc>Pauses the test executed for the given time.</doc>
<msg timestamp="20220422 14:00:10.812" level="INFO">Slept 1 second</msg>
<status status="PASS" starttime="20220422 14:00:09.811" endtime="20220422 14:00:10.812"/>
</kw>
<kw name="Click Button" library="SeleniumLibrary">
<arg>name:reg</arg>
<doc>Clicks the button identified by ``locator``.</doc>
<msg timestamp="20220422 14:00:10.813" level="INFO">Clicking button 'name:reg'.</msg>
<status status="PASS" starttime="20220422 14:00:10.813" endtime="20220422 14:00:13.459"/>
</kw>
<kw name="Sleep" library="BuiltIn">
<arg>1s</arg>
<doc>Pauses the test executed for the given time.</doc>
<msg timestamp="20220422 14:00:14.461" level="INFO">Slept 1 second</msg>
<status status="PASS" starttime="20220422 14:00:13.460" endtime="20220422 14:00:14.461"/>
</kw>
<doc>this is update</doc>
<tag>user</tag>
<status status="PASS" starttime="20220422 13:59:58.755" endtime="20220422 14:00:14.463"/>
</test>
<test id="s1-t10" name="Logout Test" line="140">
<kw name="Click Element" library="SeleniumLibrary">
<arg>xpath://html/body/nav/div/div/div/div/a/img</arg>
<doc>Click the element identified by ``locator``.</doc>
<msg timestamp="20220422 14:00:14.470" level="INFO">Clicking element 'xpath://html/body/nav/div/div/div/div/a/img'.</msg>
<status status="PASS" starttime="20220422 14:00:14.470" endtime="20220422 14:00:14.593"/>
</kw>
<kw name="Click Element" library="SeleniumLibrary">
<arg>xpath://html/body/nav/div/div/div/div/ul/li[3]/a</arg>
<doc>Click the element identified by ``locator``.</doc>
<msg timestamp="20220422 14:00:14.596" level="INFO">Clicking element 'xpath://html/body/nav/div/div/div/div/ul/li[3]/a'.</msg>
<status status="PASS" starttime="20220422 14:00:14.595" endtime="20220422 14:00:15.256"/>
</kw>
<kw name="Sleep" library="BuiltIn">
<arg>2s</arg>
<doc>Pauses the test executed for the given time.</doc>
<msg timestamp="20220422 14:00:17.266" level="INFO">Slept 2 seconds</msg>
<status status="PASS" starttime="20220422 14:00:15.264" endtime="20220422 14:00:17.266"/>
</kw>
<doc>this for logout test</doc>
<tag>user</tag>
<status status="PASS" starttime="20220422 14:00:14.467" endtime="20220422 14:00:17.268"/>
</test>
<test id="s1-t11" name="Update Check Test" line="147">
<kw name="Test email">
<kw name="Input Text" library="SeleniumLibrary">
<arg>name:email</arg>
<arg>dhanush1@gmail.com</arg>
<doc>Types the given ``text`` into the text field identified by ``locator``.</doc>
<msg timestamp="20220422 14:00:17.271" level="INFO">Typing text 'dhanush1@gmail.com' into text field 'name:email'.</msg>
<status status="PASS" starttime="20220422 14:00:17.270" endtime="20220422 14:00:17.702"/>
</kw>
<status status="PASS" starttime="20220422 14:00:17.270" endtime="20220422 14:00:17.702"/>
</kw>
<kw name="Test password">
<kw name="Input Text" library="SeleniumLibrary">
<arg>name:pass</arg>
<arg>12345</arg>
<doc>Types the given ``text`` into the text field identified by ``locator``.</doc>
<msg timestamp="20220422 14:00:17.706" level="INFO">Typing text '12345' into text field 'name:pass'.</msg>
<status status="PASS" starttime="20220422 14:00:17.705" endtime="20220422 14:00:17.980"/>
</kw>
<status status="PASS" starttime="20220422 14:00:17.704" endtime="20220422 14:00:17.982"/>
</kw>
<kw name="Click Button" library="SeleniumLibrary">
<arg>Xpath:/html/body/section/div/div/div[2]/div[3]/div/form/div/button</arg>
<doc>Clicks the button identified by ``locator``.</doc>
<msg timestamp="20220422 14:00:17.994" level="INFO">Clicking button 'Xpath:/html/body/section/div/div/div[2]/div[3]/div/form/div/button'.</msg>
<status status="PASS" starttime="20220422 14:00:17.992" endtime="20220422 14:00:21.154"/>
</kw>
<kw name="Sleep" library="BuiltIn">
<arg>2s</arg>
<doc>Pauses the test executed for the given time.</doc>
<msg timestamp="20220422 14:00:23.158" level="INFO">Slept 2 seconds</msg>
<status status="PASS" starttime="20220422 14:00:21.156" endtime="20220422 14:00:23.158"/>
</kw>
<kw name="Click Element" library="SeleniumLibrary">
<arg>xpath://html/body/nav/div/div/div/div/a/img</arg>
<doc>Click the element identified by ``locator``.</doc>
<msg timestamp="20220422 14:00:23.159" level="INFO">Clicking element 'xpath://html/body/nav/div/div/div/div/a/img'.</msg>
<status status="PASS" starttime="20220422 14:00:23.158" endtime="20220422 14:00:23.270"/>
</kw>
<kw name="Sleep" library="BuiltIn">
<arg>2s</arg>
<doc>Pauses the test executed for the given time.</doc>
<msg timestamp="20220422 14:00:25.279" level="INFO">Slept 2 seconds</msg>
<status status="PASS" starttime="20220422 14:00:23.276" endtime="20220422 14:00:25.279"/>
</kw>
<kw name="Click Element" library="SeleniumLibrary">
<arg>xpath://html/body/nav/div/div/div/div/ul/li[3]/a</arg>
<doc>Click the element identified by ``locator``.</doc>
<msg timestamp="20220422 14:00:25.280" level="INFO">Clicking element 'xpath://html/body/nav/div/div/div/div/ul/li[3]/a'.</msg>
<status status="PASS" starttime="20220422 14:00:25.280" endtime="20220422 14:00:25.732"/>
</kw>
<doc>these is update check test</doc>
<tag>user</tag>
<status status="PASS" starttime="20220422 14:00:17.269" endtime="20220422 14:00:25.733"/>
</test>
<test id="s1-t12" name="Seller Registration Test" line="159">
<kw name="Sleep" library="BuiltIn">
<arg>1s</arg>
<doc>Pauses the test executed for the given time.</doc>
<msg timestamp="20220422 14:00:26.743" level="INFO">Slept 1 second</msg>
<status status="PASS" starttime="20220422 14:00:25.739" endtime="20220422 14:00:26.744"/>
</kw>
<kw name="Click Element" library="SeleniumLibrary">
<arg>Xpath:/html/body/nav/div/div/ul/li[2]/a</arg>
<doc>Click the element identified by ``locator``.</doc>
<msg timestamp="20220422 14:00:26.747" level="INFO">Clicking element 'Xpath:/html/body/nav/div/div/ul/li[2]/a'.</msg>
<status status="PASS" starttime="20220422 14:00:26.747" endtime="20220422 14:00:27.396"/>
</kw>
<kw name="Sleep" library="BuiltIn">
<arg>1s</arg>
<doc>Pauses the test executed for the given time.</doc>
<msg timestamp="20220422 14:00:28.400" level="INFO">Slept 1 second</msg>
<status status="PASS" starttime="20220422 14:00:27.399" endtime="20220422 14:00:28.400"/>
</kw>
<kw name="Click Link" library="SeleniumLibrary">
<arg>Xpath:/html/body/section/div/div/div/div/div[3]/div/div[2]/div/form/p/a</arg>
<doc>Clicks a link identified by ``locator``.</doc>
<msg timestamp="20220422 14:00:28.402" level="INFO">Clicking link 'Xpath:/html/body/section/div/div/div/div/div[3]/div/div[2]/div/form/p/a'.</msg>
<status status="PASS" starttime="20220422 14:00:28.401" endtime="20220422 14:00:28.954"/>
</kw>
<kw name="Sleep" library="BuiltIn">
<arg>1s</arg>
<doc>Pauses the test executed for the given time.</doc>
<msg timestamp="20220422 14:00:29.958" level="INFO">Slept 1 second</msg>
<status status="PASS" starttime="20220422 14:00:28.956" endtime="20220422 14:00:29.958"/>
</kw>
<kw name="Test name">
<kw name="Input Text" library="SeleniumLibrary">
<arg>name:name</arg>
<arg>Dhanush</arg>
<doc>Types the given ``text`` into the text field identified by ``locator``.</doc>
<msg timestamp="20220422 14:00:29.960" level="INFO">Typing text 'Dhanush' into text field 'name:name'.</msg>
<status status="PASS" starttime="20220422 14:00:29.959" endtime="20220422 14:00:30.126"/>
</kw>
<status status="PASS" starttime="20220422 14:00:29.959" endtime="20220422 14:00:30.127"/>
</kw>
<kw name="Test phone">
<kw name="Input Text" library="SeleniumLibrary">
<arg>name:pno</arg>
<arg>9361428388</arg>
<doc>Types the given ``text`` into the text field identified by ``locator``.</doc>
<msg timestamp="20220422 14:00:30.131" level="INFO">Typing text '9361428388' into text field 'name:pno'.</msg>
<status status="PASS" starttime="20220422 14:00:30.130" endtime="20220422 14:00:30.363"/>
</kw>
<status status="PASS" starttime="20220422 14:00:30.128" endtime="20220422 14:00:30.364"/>
</kw>
<kw name="Test email">
<kw name="Input Text" library="SeleniumLibrary">
<arg>name:email</arg>
<arg>dhanush1@gmail.com</arg>
<doc>Types the given ``text`` into the text field identified by ``locator``.</doc>
<msg timestamp="20220422 14:00:30.368" level="INFO">Typing text 'dhanush1@gmail.com' into text field 'name:email'.</msg>
<status status="PASS" starttime="20220422 14:00:30.367" endtime="20220422 14:00:30.605"/>
</kw>
<status status="PASS" starttime="20220422 14:00:30.365" endtime="20220422 14:00:30.605"/>
</kw>
<kw name="Test password">
<kw name="Input Text" library="SeleniumLibrary">
<arg>name:pass</arg>
<arg>12345</arg>
<doc>Types the given ``text`` into the text field identified by ``locator``.</doc>
<msg timestamp="20220422 14:00:30.607" level="INFO">Typing text '12345' into text field 'name:pass'.</msg>
<status status="PASS" starttime="20220422 14:00:30.606" endtime="20220422 14:00:30.754"/>
</kw>
<status status="PASS" starttime="20220422 14:00:30.605" endtime="20220422 14:00:30.754"/>
</kw>
<kw name="Test seller Account">
<kw name="Input Text" library="SeleniumLibrary">
<arg>name:ano</arg>
<arg>08690100045</arg>
<doc>Types the given ``text`` into the text field identified by ``locator``.</doc>
<msg timestamp="20220422 14:00:30.756" level="INFO">Typing text '08690100045' into text field 'name:ano'.</msg>
<status status="PASS" starttime="20220422 14:00:30.756" endtime="20220422 14:00:30.967"/>
</kw>
<status status="PASS" starttime="20220422 14:00:30.755" endtime="20220422 14:00:30.967"/>
</kw>
<kw name="Test IFSC">
<kw name="Input Text" library="SeleniumLibrary">
<arg>name:ifsc</arg>
<arg>iob435</arg>
<doc>Types the given ``text`` into the text field identified by ``locator``.</doc>
<msg timestamp="20220422 14:00:30.969" level="INFO">Typing text 'iob435' into text field 'name:ifsc'.</msg>
<status status="PASS" starttime="20220422 14:00:30.968" endtime="20220422 14:00:31.150"/>
</kw>
<status status="PASS" starttime="20220422 14:00:30.968" endtime="20220422 14:00:31.151"/>
</kw>
<kw name="Execute Javascript" library="SeleniumLibrary">
<arg>window.scrollTo(0,300)</arg>
<doc>Executes the given JavaScript code with possible arguments.</doc>
<msg timestamp="20220422 14:00:31.153" level="INFO">Executing JavaScript:
window.scrollTo(0,300)
Without any arguments.</msg>
<status status="PASS" starttime="20220422 14:00:31.152" endtime="20220422 14:00:31.164"/>
</kw>
<kw name="Sleep" library="BuiltIn">
<arg>2s</arg>
<doc>Pauses the test executed for the given time.</doc>
<msg timestamp="20220422 14:00:33.166" level="INFO">Slept 2 seconds</msg>
<status status="PASS" starttime="20220422 14:00:31.165" endtime="20220422 14:00:33.166"/>
</kw>
<kw name="Click Button" library="SeleniumLibrary">
<arg>Xpath:/html/body/section/div/div/div/div/div/div/form/div[7]/center/button</arg>
<doc>Clicks the button identified by ``locator``.</doc>
<msg timestamp="20220422 14:00:33.168" level="INFO">Clicking button 'Xpath:/html/body/section/div/div/div/div/div/div/form/div[7]/center/button'.</msg>
<status status="PASS" starttime="20220422 14:00:33.167" endtime="20220422 14:00:33.700"/>
</kw>
<kw name="Sleep" library="BuiltIn">
<arg>2s</arg>
<doc>Pauses the test executed for the given time.</doc>
<msg timestamp="20220422 14:00:35.705" level="INFO">Slept 2 seconds</msg>
<status status="PASS" starttime="20220422 14:00:33.703" endtime="20220422 14:00:35.705"/>
</kw>
<doc>these is for seller registration</doc>
<tag>seller</tag>
<status status="PASS" starttime="20220422 14:00:25.736" endtime="20220422 14:00:35.708"/>
</test>
<test id="s1-t13" name="Seller login Test" line="179">
<kw name="Click Element" library="SeleniumLibrary">
<arg>Xpath:/html/body/nav/div/div/ul/li[2]/a</arg>
<doc>Click the element identified by ``locator``.</doc>
<msg timestamp="20220422 14:00:35.712" level="INFO">Clicking element 'Xpath:/html/body/nav/div/div/ul/li[2]/a'.</msg>
<status status="PASS" starttime="20220422 14:00:35.711" endtime="20220422 14:00:35.999"/>
</kw>
<kw name="Sleep" library="BuiltIn">
<arg>1s</arg>
<doc>Pauses the test executed for the given time.</doc>
<msg timestamp="20220422 14:00:37.004" level="INFO">Slept 1 second</msg>
<status status="PASS" starttime="20220422 14:00:36.001" endtime="20220422 14:00:37.005"/>
</kw>
<kw name="Test email">
<kw name="Input Text" library="SeleniumLibrary">
<arg>name:email</arg>
<arg>dhanush1@gmail.com</arg>
<doc>Types the given ``text`` into the text field identified by ``locator``.</doc>
<msg timestamp="20220422 14:00:37.007" level="INFO">Typing text 'dhanush1@gmail.com' into text field 'name:email'.</msg>
<status status="PASS" starttime="20220422 14:00:37.007" endtime="20220422 14:00:37.201"/>
</kw>
<status status="PASS" starttime="20220422 14:00:37.006" endtime="20220422 14:00:37.202"/>
</kw>
<kw name="Test password">
<kw name="Input Text" library="SeleniumLibrary">
<arg>name:pass</arg>
<arg>12345</arg>
<doc>Types the given ``text`` into the text field identified by ``locator``.</doc>
<msg timestamp="20220422 14:00:37.205" level="INFO">Typing text '12345' into text field 'name:pass'.</msg>
<status status="PASS" starttime="20220422 14:00:37.204" endtime="20220422 14:00:37.370"/>
</kw>
<status status="PASS" starttime="20220422 14:00:37.203" endtime="20220422 14:00:37.370"/>
</kw>
<kw name="Sleep" library="BuiltIn">
<arg>1s</arg>
<doc>Pauses the test executed for the given time.</doc>
<msg timestamp="20220422 14:00:38.373" level="INFO">Slept 1 second</msg>
<status status="PASS" starttime="20220422 14:00:37.371" endtime="20220422 14:00:38.373"/>
</kw>
<kw name="Click Button" library="SeleniumLibrary">
<arg>Xpath:/html/body/section/div/div/div/div/div[3]/div/div[2]/div/form/div[4]/button</arg>
<doc>Clicks the button identified by ``locator``.</doc>
<msg timestamp="20220422 14:00:38.374" level="INFO">Clicking button 'Xpath:/html/body/section/div/div/div/div/div[3]/div/div[2]/div/form/div[4]/button'.</msg>
<status status="PASS" starttime="20220422 14:00:38.374" endtime="20220422 14:00:39.025"/>
</kw>
<kw name="Sleep" library="BuiltIn">
<arg>2s</arg>
<doc>Pauses the test executed for the given time.</doc>
<msg timestamp="20220422 14:00:41.038" level="INFO">Slept 2 seconds</msg>
<status status="PASS" starttime="20220422 14:00:39.037" endtime="20220422 14:00:41.038"/>
</kw>
<doc>these is for seller login</doc>
<tag>seller</tag>
<status status="PASS" starttime="20220422 14:00:35.710" endtime="20220422 14:00:41.045"/>
</test>
<test id="s1-t14" name="Add product Test" line="190">
<kw name="Test Product name">
<kw name="Input Text" library="SeleniumLibrary">
<arg>name:name</arg>
<arg>OnePlus mobile</arg>
<doc>Types the given ``text`` into the text field identified by ``locator``.</doc>
<msg timestamp="20220422 14:00:41.082" level="INFO">Typing text 'OnePlus mobile' into text field 'name:name'.</msg>
<status status="PASS" starttime="20220422 14:00:41.081" endtime="20220422 14:00:41.301"/>
</kw>
<status status="PASS" starttime="20220422 14:00:41.080" endtime="20220422 14:00:41.302"/>
</kw>
<kw name="Click Element" library="SeleniumLibrary">
<arg>name:cat</arg>
<doc>Click the element identified by ``locator``.</doc>
<msg timestamp="20220422 14:00:41.303" level="INFO">Clicking element 'name:cat'.</msg>
<status status="PASS" starttime="20220422 14:00:41.302" endtime="20220422 14:00:41.433"/>
</kw>
<kw name="Click Element" library="SeleniumLibrary">
<arg>Xpath:/html/body/div/div/div[2]/form/table/tbody/tr[2]/td[2]/div/select/option[2]</arg>
<doc>Click the element identified by ``locator``.</doc>
<msg timestamp="20220422 14:00:41.435" level="INFO">Clicking element 'Xpath:/html/body/div/div/div[2]/form/table/tbody/tr[2]/td[2]/div/select/option[2]'.</msg>
<status status="PASS" starttime="20220422 14:00:41.435" endtime="20220422 14:00:41.587"/>
</kw>
<kw name="Test Product price">
<kw name="Input Text" library="SeleniumLibrary">
<arg>name:price</arg>
<arg>14999</arg>
<doc>Types the given ``text`` into the text field identified by ``locator``.</doc>
<msg timestamp="20220422 14:00:41.604" level="INFO">Typing text '14999' into text field 'name:price'.</msg>
<status status="PASS" starttime="20220422 14:00:41.603" endtime="20220422 14:00:41.780"/>
</kw>
<status status="PASS" starttime="20220422 14:00:41.601" endtime="20220422 14:00:41.780"/>
</kw>
<kw name="Test Product Features">
<kw name="Input Text" library="SeleniumLibrary">
<arg>name:fea</arg>
<arg>Full HD Display and Gorilla glass 6 production</arg>
<doc>Types the given ``text`` into the text field identified by ``locator``.</doc>
<msg timestamp="20220422 14:00:41.782" level="INFO">Typing text 'Full HD Display and Gorilla glass 6 production' into text field 'name:fea'.</msg>
<status status="PASS" starttime="20220422 14:00:41.781" endtime="20220422 14:00:42.061"/>
</kw>
<status status="PASS" starttime="20220422 14:00:41.781" endtime="20220422 14:00:42.062"/>
</kw>
<kw name="Execute Javascript" library="SeleniumLibrary">
<arg>window.scrollTo(0,600)</arg>
<doc>Executes the given JavaScript code with possible arguments.</doc>
<msg timestamp="20220422 14:00:42.065" level="INFO">Executing JavaScript:
window.scrollTo(0,600)
Without any arguments.</msg>
<status status="PASS" starttime="20220422 14:00:42.063" endtime="20220422 14:00:42.083"/>
</kw>
<kw name="Choose File" library="SeleniumLibrary">
<arg>name:image</arg>
<arg>E:/ecommerce logo/oneplus.jpg</arg>
<doc>Inputs the ``file_path`` into the file input field ``locator``.</doc>
<msg timestamp="20220422 14:00:42.084" level="INFO">Sending E:\ecommerce logo\oneplus.jpg to browser.</msg>
<status status="PASS" starttime="20220422 14:00:42.084" endtime="20220422 14:00:42.271"/>
</kw>
<kw name="Sleep" library="BuiltIn">
<arg>2s</arg>
<doc>Pauses the test executed for the given time.</doc>
<msg timestamp="20220422 14:00:44.276" level="INFO">Slept 2 seconds</msg>
<status status="PASS" starttime="20220422 14:00:42.274" endtime="20220422 14:00:44.276"/>
</kw>
<doc>this page for seller add the product</doc>
<tag>seller</tag>
<status status="PASS" starttime="20220422 14:00:41.078" endtime="20220422 14:00:44.277"/>
</test>
<test id="s1-t15" name="product added by seller Test" line="202">
<kw name="Click Button" library="SeleniumLibrary">
<arg>Xpath:/html/body/div/div/div[2]/form/center/button</arg>
<doc>Clicks the button identified by ``locator``.</doc>
<msg timestamp="20220422 14:00:44.280" level="INFO">Clicking button 'Xpath:/html/body/div/div/div[2]/form/center/button'.</msg>
<status status="PASS" starttime="20220422 14:00:44.280" endtime="20220422 14:00:45.185"/>
</kw>
<kw name="Execute Javascript" library="SeleniumLibrary">
<arg>window.scrollTo(0,300)</arg>
<doc>Executes the given JavaScript code with possible arguments.</doc>
<msg timestamp="20220422 14:00:45.188" level="INFO">Executing JavaScript:
window.scrollTo(0,300)
Without any arguments.</msg>
<status status="PASS" starttime="20220422 14:00:45.186" endtime="20220422 14:00:45.347"/>
</kw>
<kw name="Sleep" library="BuiltIn">
<arg>3s</arg>
<doc>Pauses the test executed for the given time.</doc>
<msg timestamp="20220422 14:00:48.350" level="INFO">Slept 3 seconds</msg>
<status status="PASS" starttime="20220422 14:00:45.349" endtime="20220422 14:00:48.350"/>
</kw>
<kw name="Execute Javascript" library="SeleniumLibrary">
<arg>window.scrollTo(0,-300)</arg>
<doc>Executes the given JavaScript code with possible arguments.</doc>
<msg timestamp="20220422 14:00:48.352" level="INFO">Executing JavaScript:
window.scrollTo(0,-300)
Without any arguments.</msg>
<status status="PASS" starttime="20220422 14:00:48.351" endtime="20220422 14:00:48.365"/>
</kw>
<doc>this is page to view product that added by seller</doc>
<tag>seller</tag>
<status status="PASS" starttime="20220422 14:00:44.279" endtime="20220422 14:00:48.366"/>
</test>
<test id="s1-t16" name="Delete product Test" line="211">
<kw name="Sleep" library="BuiltIn">
<arg>2s</arg>
<doc>Pauses the test executed for the given time.</doc>
<msg timestamp="20220422 14:00:50.375" level="INFO">Slept 2 seconds</msg>
<status status="PASS" starttime="20220422 14:00:48.372" endtime="20220422 14:00:50.375"/>
</kw>
<kw name="Click Element" library="SeleniumLibrary">
<arg>Xpath:/html/body/nav/div/div/ul/li[2]/a</arg>
<doc>Click the element identified by ``locator``.</doc>
<msg timestamp="20220422 14:00:50.376" level="INFO">Clicking element 'Xpath:/html/body/nav/div/div/ul/li[2]/a'.</msg>
<status status="PASS" starttime="20220422 14:00:50.375" endtime="20220422 14:00:50.978"/>
</kw>
<kw name="Test Delete Product">
<kw name="Input Text" library="SeleniumLibrary">
<arg>name:name</arg>
<arg>OnePlus mobile</arg>
<doc>Types the given ``text`` into the text field identified by ``locator``.</doc>
<msg timestamp="20220422 14:00:50.981" level="INFO">Typing text 'OnePlus mobile' into text field 'name:name'.</msg>
<status status="PASS" starttime="20220422 14:00:50.980" endtime="20220422 14:00:51.280"/>
</kw>
<status status="PASS" starttime="20220422 14:00:50.979" endtime="20220422 14:00:51.281"/>
</kw>
<kw name="Sleep" library="BuiltIn">
<arg>1s</arg>
<doc>Pauses the test executed for the given time.</doc>
<msg timestamp="20220422 14:00:52.284" level="INFO">Slept 1 second</msg>
<status status="PASS" starttime="20220422 14:00:51.282" endtime="20220422 14:00:52.284"/>
</kw>
<kw name="Click Button" library="SeleniumLibrary">
<arg>Xpath:/html/body/div/div/div[2]/form/center/button</arg>
<doc>Clicks the button identified by ``locator``.</doc>
<msg timestamp="20220422 14:00:52.287" level="INFO">Clicking button 'Xpath:/html/body/div/div/div[2]/form/center/button'.</msg>
<status status="PASS" starttime="20220422 14:00:52.286" endtime="20220422 14:00:52.424"/>
</kw>
<kw name="Sleep" library="BuiltIn">
<arg>1s</arg>
<doc>Pauses the test executed for the given time.</doc>
<msg timestamp="20220422 14:00:53.425" level="INFO">Slept 1 second</msg>
<status status="PASS" starttime="20220422 14:00:52.425" endtime="20220422 14:00:53.426"/>
</kw>
<kw name="Click Button" library="SeleniumLibrary">
<arg>Xpath:/html/body/div[1]/div/div[2]/form/div/div/div/div[3]/button[2]</arg>
<doc>Clicks the button identified by ``locator``.</doc>
<msg timestamp="20220422 14:00:53.428" level="INFO">Clicking button 'Xpath:/html/body/div[1]/div/div[2]/form/div/div/div/div[3]/button[2]'.</msg>
<status status="PASS" starttime="20220422 14:00:53.428" endtime="20220422 14:00:54.087"/>
</kw>
<kw name="Sleep" library="BuiltIn">
<arg>1s</arg>
<doc>Pauses the test executed for the given time.</doc>
<msg timestamp="20220422 14:00:55.092" level="INFO">Slept 1 second</msg>
<status status="PASS" starttime="20220422 14:00:54.089" endtime="20220422 14:00:55.092"/>
</kw>
<kw name="Click Element" library="SeleniumLibrary">
<arg>Xpath:/html/body/nav/div/div/ul/li[3]/a</arg>
<doc>Click the element identified by ``locator``.</doc>
<msg timestamp="20220422 14:00:55.094" level="INFO">Clicking element 'Xpath:/html/body/nav/div/div/ul/li[3]/a'.</msg>
<status status="PASS" starttime="20220422 14:00:55.093" endtime="20220422 14:00:55.462"/>
</kw>
<kw name="Sleep" library="BuiltIn">
<arg>2s</arg>
<doc>Pauses the test executed for the given time.</doc>
<msg timestamp="20220422 14:00:57.463" level="INFO">Slept 2 seconds</msg>
<status status="PASS" starttime="20220422 14:00:55.463" endtime="20220422 14:00:57.464"/>
</kw>
<kw name="Click Element" library="SeleniumLibrary">
<arg>Xpath://html/body/nav/div/div/div/div/a/img</arg>
<doc>Click the element identified by ``locator``.</doc>
<msg timestamp="20220422 14:00:57.465" level="INFO">Clicking element 'Xpath://html/body/nav/div/div/div/div/a/img'.</msg>
<status status="PASS" starttime="20220422 14:00:57.464" endtime="20220422 14:00:57.562"/>
</kw>
<kw name="Click Element" library="SeleniumLibrary">
<arg>Xpath://html/body/nav/div/div/div/div/ul/li[3]/a</arg>
<doc>Click the element identified by ``locator``.</doc>
<msg timestamp="20220422 14:00:57.564" level="INFO">Clicking element 'Xpath://html/body/nav/div/div/div/div/ul/li[3]/a'.</msg>
<status status="PASS" starttime="20220422 14:00:57.563" endtime="20220422 14:00:58.035"/>
</kw>
<kw name="Sleep" library="BuiltIn">
<arg>1s</arg>
<doc>Pauses the test executed for the given time.</doc>
<msg timestamp="20220422 14:00:59.047" level="INFO">Slept 1 second</msg>
<status status="PASS" starttime="20220422 14:00:58.045" endtime="20220422 14:00:59.047"/>
</kw>
<doc>this page for seller delete the product</doc>
<tag>seller</tag>
<status status="PASS" starttime="20220422 14:00:48.369" endtime="20220422 14:00:59.048"/>
</test>
<test id="s1-t17" name="View order to Seller Test" line="231">
<kw name="Input Text" library="SeleniumLibrary">
<arg>name:email</arg>
<arg>ramyagandhi16@gmail.com</arg>
<doc>Types the given ``text`` into the text field identified by ``locator``.</doc>
<msg timestamp="20220422 14:00:59.052" level="INFO">Typing text 'ramyagandhi16@gmail.com' into text field 'name:email'.</msg>
<status status="PASS" starttime="20220422 14:00:59.052" endtime="20220422 14:00:59.280"/>
</kw>
<kw name="Input Text" library="SeleniumLibrary">
<arg>name:pass</arg>
<arg>R@mya12345</arg>
<doc>Types the given ``text`` into the text field identified by ``locator``.</doc>
<msg timestamp="20220422 14:00:59.283" level="INFO">Typing text 'R@mya12345' into text field 'name:pass'.</msg>
<status status="PASS" starttime="20220422 14:00:59.281" endtime="20220422 14:00:59.479"/>
</kw>
<kw name="Click Button" library="SeleniumLibrary">
<arg>Xpath:/html/body/section/div/div/div/div/div[3]/div/div[2]/div/form/div[4]/button</arg>
<doc>Clicks the button identified by ``locator``.</doc>
<msg timestamp="20220422 14:00:59.482" level="INFO">Clicking button 'Xpath:/html/body/section/div/div/div/div/div[3]/div/div[2]/div/form/div[4]/button'.</msg>
<status status="PASS" starttime="20220422 14:00:59.480" endtime="20220422 14:01:00.003"/>
</kw>
<kw name="Click Element" library="SeleniumLibrary">
<arg>Xpath://html/body/nav/div/div/ul/li[4]/a</arg>
<doc>Click the element identified by ``locator``.</doc>
<msg timestamp="20220422 14:01:00.011" level="INFO">Clicking element 'Xpath://html/body/nav/div/div/ul/li[4]/a'.</msg>
<status status="PASS" starttime="20220422 14:01:00.008" endtime="20220422 14:01:00.916"/>
</kw>
<kw name="Sleep" library="BuiltIn">
<arg>1s</arg>
<doc>Pauses the test executed for the given time.</doc>
<msg timestamp="20220422 14:01:01.919" level="INFO">Slept 1 second</msg>
<status status="PASS" starttime="20220422 14:01:00.917" endtime="20220422 14:01:01.919"/>
</kw>
<kw name="Execute Javascript" library="SeleniumLibrary">
<arg>window.scrollTo(0,400)</arg>
<doc>Executes the given JavaScript code with possible arguments.</doc>
<msg timestamp="20220422 14:01:01.922" level="INFO">Executing JavaScript:
window.scrollTo(0,400)
Without any arguments.</msg>
<status status="PASS" starttime="20220422 14:01:01.921" endtime="20220422 14:01:01.931"/>
</kw>
<kw name="Sleep" library="BuiltIn">
<arg>2s</arg>
<doc>Pauses the test executed for the given time.</doc>
<msg timestamp="20220422 14:01:03.933" level="INFO">Slept 2 seconds</msg>
<status status="PASS" starttime="20220422 14:01:01.932" endtime="20220422 14:01:03.933"/>
</kw>
<kw name="Execute Javascript" library="SeleniumLibrary">
<arg>window.scrollTo(0,-400)</arg>
<doc>Executes the given JavaScript code with possible arguments.</doc>
<msg timestamp="20220422 14:01:03.934" level="INFO">Executing JavaScript:
window.scrollTo(0,-400)
Without any arguments.</msg>
<status status="PASS" starttime="20220422 14:01:03.934" endtime="20220422 14:01:03.940"/>
</kw>
<kw name="Sleep" library="BuiltIn">
<arg>1s</arg>
<doc>Pauses the test executed for the given time.</doc>
<msg timestamp="20220422 14:01:04.943" level="INFO">Slept 1 second</msg>
<status status="PASS" starttime="20220422 14:01:03.942" endtime="20220422 14:01:04.943"/>
</kw>
<kw name="Click Element" library="SeleniumLibrary">
<arg>Xpath://html/body/nav/div/div/div/div/a/img</arg>
<doc>Click the element identified by ``locator``.</doc>
<msg timestamp="20220422 14:01:04.944" level="INFO">Clicking element 'Xpath://html/body/nav/div/div/div/div/a/img'.</msg>
<status status="PASS" starttime="20220422 14:01:04.944" endtime="20220422 14:01:05.045"/>
</kw>
<kw name="Click Element" library="SeleniumLibrary">
<arg>Xpath://html/body/nav/div/div/div/div/ul/li[3]/a</arg>
<doc>Click the element identified by ``locator``.</doc>
<msg timestamp="20220422 14:01:05.049" level="INFO">Clicking element 'Xpath://html/body/nav/div/div/div/div/ul/li[3]/a'.</msg>
<status status="PASS" starttime="20220422 14:01:05.047" endtime="20220422 14:01:05.610"/>
</kw>
<kw name="Sleep" library="BuiltIn">
<arg>1s</arg>
<doc>Pauses the test executed for the given time.</doc>
<msg timestamp="20220422 14:01:06.614" level="INFO">Slept 1 second</msg>
<status status="PASS" starttime="20220422 14:01:05.613" endtime="20220422 14:01:06.614"/>
</kw>
<doc>these page for ordered product view to seller</doc>
<tag>seller</tag>
<status status="PASS" starttime="20220422 14:00:59.050" endtime="20220422 14:01:06.671"/>
</test>
<test id="s1-t18" name="Seller Details update test" line="249">
<kw name="Test email">
<kw name="Input Text" library="SeleniumLibrary">
<arg>name:email</arg>
<arg>dhanush1@gmail.com</arg>
<doc>Types the given ``text`` into the text field identified by ``locator``.</doc>
<msg timestamp="20220422 14:01:06.756" level="INFO">Typing text 'dhanush1@gmail.com' into text field 'name:email'.</msg>
<status status="PASS" starttime="20220422 14:01:06.755" endtime="20220422 14:01:06.992"/>
</kw>
<status status="PASS" starttime="20220422 14:01:06.732" endtime="20220422 14:01:06.992"/>
</kw>
<kw name="Test password">
<kw name="Input Text" library="SeleniumLibrary">
<arg>name:pass</arg>
<arg>12345</arg>
<doc>Types the given ``text`` into the text field identified by ``locator``.</doc>
<msg timestamp="20220422 14:01:06.995" level="INFO">Typing text '12345' into text field 'name:pass'.</msg>
<status status="PASS" starttime="20220422 14:01:06.994" endtime="20220422 14:01:07.176"/>
</kw>
<status status="PASS" starttime="20220422 14:01:06.993" endtime="20220422 14:01:07.176"/>
</kw>
<kw name="Sleep" library="BuiltIn">
<arg>1s</arg>
<doc>Pauses the test executed for the given time.</doc>
<msg timestamp="20220422 14:01:08.178" level="INFO">Slept 1 second</msg>
<status status="PASS" starttime="20220422 14:01:07.177" endtime="20220422 14:01:08.178"/>
</kw>
<kw name="Click Button" library="SeleniumLibrary">
<arg>Xpath:/html/body/section/div/div/div/div/div[3]/div/div[2]/div/form/div[4]/button</arg>
<doc>Clicks the button identified by ``locator``.</doc>
<msg timestamp="20220422 14:01:08.179" level="INFO">Clicking button 'Xpath:/html/body/section/div/div/div/div/div[3]/div/div[2]/div/form/div[4]/button'.</msg>
<status status="PASS" starttime="20220422 14:01:08.179" endtime="20220422 14:01:08.765"/>
</kw>
<kw name="Sleep" library="BuiltIn">
<arg>2s</arg>
<doc>Pauses the test executed for the given time.</doc>
<msg timestamp="20220422 14:01:10.771" level="INFO">Slept 2 seconds</msg>
<status status="PASS" starttime="20220422 14:01:08.767" endtime="20220422 14:01:10.771"/>
</kw>
<kw name="Click Element" library="SeleniumLibrary">
<arg>Xpath://html/body/nav/div/div/div/div/a/img</arg>
<doc>Click the element identified by ``locator``.</doc>
<msg timestamp="20220422 14:01:10.772" level="INFO">Clicking element 'Xpath://html/body/nav/div/div/div/div/a/img'.</msg>
<status status="PASS" starttime="20220422 14:01:10.772" endtime="20220422 14:01:10.859"/>
</kw>
<kw name="Click Element" library="SeleniumLibrary">
<arg>Xpath://html/body/nav/div/div/div/div/ul/li[2]/a</arg>
<doc>Click the element identified by ``locator``.</doc>
<msg timestamp="20220422 14:01:10.861" level="INFO">Clicking element 'Xpath://html/body/nav/div/div/div/div/ul/li[2]/a'.</msg>
<status status="PASS" starttime="20220422 14:01:10.860" endtime="20220422 14:01:11.450"/>
</kw>
<kw name="Sleep" library="BuiltIn">
<arg>2s</arg>
<doc>Pauses the test executed for the given time.</doc>
<msg timestamp="20220422 14:01:13.456" level="INFO">Slept 2 seconds</msg>
<status status="PASS" starttime="20220422 14:01:11.455" endtime="20220422 14:01:13.456"/>
</kw>
<kw name="Input Text" library="SeleniumLibrary">
<arg>name:name</arg>
<arg>Sree</arg>
<doc>Types the given ``text`` into the text field identified by ``locator``.</doc>
<msg timestamp="20220422 14:01:13.457" level="INFO">Typing text 'Sree' into text field 'name:name'.</msg>
<status status="PASS" starttime="20220422 14:01:13.457" endtime="20220422 14:01:13.657"/>
</kw>
<kw name="Test phone">
<kw name="Input Text" library="SeleniumLibrary">
<arg>name:pno</arg>
<arg>9361428388</arg>
<doc>Types the given ``text`` into the text field identified by ``locator``.</doc>
<msg timestamp="20220422 14:01:13.659" level="INFO">Typing text '9361428388' into text field 'name:pno'.</msg>
<status status="PASS" starttime="20220422 14:01:13.658" endtime="20220422 14:01:13.849"/>
</kw>
<status status="PASS" starttime="20220422 14:01:13.658" endtime="20220422 14:01:13.850"/>
</kw>
<kw name="Test email">
<kw name="Input Text" library="SeleniumLibrary">
<arg>name:email</arg>
<arg>dhanush1@gmail.com</arg>
<doc>Types the given ``text`` into the text field identified by ``locator``.</doc>
<msg timestamp="20220422 14:01:13.852" level="INFO">Typing text 'dhanush1@gmail.com' into text field 'name:email'.</msg>
<status status="PASS" starttime="20220422 14:01:13.852" endtime="20220422 14:01:14.062"/>
</kw>
<status status="PASS" starttime="20220422 14:01:13.851" endtime="20220422 14:01:14.062"/>
</kw>
<kw name="Test password">
<kw name="Input Text" library="SeleniumLibrary">
<arg>name:pass</arg>
<arg>12345</arg>
<doc>Types the given ``text`` into the text field identified by ``locator``.</doc>
<msg timestamp="20220422 14:01:14.070" level="INFO">Typing text '12345' into text field 'name:pass'.</msg>
<status status="PASS" starttime="20220422 14:01:14.068" endtime="20220422 14:01:14.242"/>
</kw>
<status status="PASS" starttime="20220422 14:01:14.065" endtime="20220422 14:01:14.243"/>
</kw>
<kw name="Test seller Account">
<kw name="Input Text" library="SeleniumLibrary">
<arg>name:ano</arg>
<arg>08690100045</arg>
<doc>Types the given ``text`` into the text field identified by ``locator``.</doc>
<msg timestamp="20220422 14:01:14.248" level="INFO">Typing text '08690100045' into text field 'name:ano'.</msg>
<status status="PASS" starttime="20220422 14:01:14.246" endtime="20220422 14:01:14.502"/>
</kw>
<status status="PASS" starttime="20220422 14:01:14.245" endtime="20220422 14:01:14.503"/>
</kw>
<kw name="Test IFSC">
<kw name="Input Text" library="SeleniumLibrary">
<arg>name:ifsc</arg>
<arg>iob435</arg>
<doc>Types the given ``text`` into the text field identified by ``locator``.</doc>
<msg timestamp="20220422 14:01:14.509" level="INFO">Typing text 'iob435' into text field 'name:ifsc'.</msg>
<status status="PASS" starttime="20220422 14:01:14.508" endtime="20220422 14:01:14.690"/>
</kw>
<status status="PASS" starttime="20220422 14:01:14.508" endtime="20220422 14:01:14.691"/>
</kw>
<kw name="Execute Javascript" library="SeleniumLibrary">
<arg>window.scrollTo(0,300)</arg>
<doc>Executes the given JavaScript code with possible arguments.</doc>
<msg timestamp="20220422 14:01:14.692" level="INFO">Executing JavaScript:
window.scrollTo(0,300)
Without any arguments.</msg>
<status status="PASS" starttime="20220422 14:01:14.692" endtime="20220422 14:01:14.702"/>
</kw>
<kw name="Sleep" library="BuiltIn">
<arg>2s</arg>
<doc>Pauses the test executed for the given time.</doc>
<msg timestamp="20220422 14:01:16.705" level="INFO">Slept 2 seconds</msg>
<status status="PASS" starttime="20220422 14:01:14.704" endtime="20220422 14:01:16.706"/>
</kw>
<kw name="Click Button" library="SeleniumLibrary">
<arg>xpath://html/body/section/div/div/div/div/div/div/form/div[7]/center/button</arg>
<doc>Clicks the button identified by ``locator``.</doc>
<msg timestamp="20220422 14:01:16.709" level="INFO">Clicking button 'xpath://html/body/section/div/div/div/div/div/div/form/div[7]/center/button'.</msg>
<status status="PASS" starttime="20220422 14:01:16.708" endtime="20220422 14:01:17.299"/>
</kw>
<kw name="Sleep" library="BuiltIn">
<arg>2s</arg>
<doc>Pauses the test executed for the given time.</doc>
<msg timestamp="20220422 14:01:19.302" level="INFO">Slept 2 seconds</msg>
<status status="PASS" starttime="20220422 14:01:17.301" endtime="20220422 14:01:19.302"/>
</kw>
<kw name="Click Element" library="SeleniumLibrary">
<arg>Xpath://html/body/nav/div/div/div/div/a/img</arg>
<doc>Click the element identified by ``locator``.</doc>
<msg timestamp="20220422 14:01:19.304" level="INFO">Clicking element 'Xpath://html/body/nav/div/div/div/div/a/img'.</msg>
<status status="PASS" starttime="20220422 14:01:19.303" endtime="20220422 14:01:19.378"/>
</kw>
<kw name="Click Element" library="SeleniumLibrary">
<arg>Xpath://html/body/nav/div/div/div/div/ul/li[3]/a</arg>
<doc>Click the element identified by ``locator``.</doc>
<msg timestamp="20220422 14:01:19.381" level="INFO">Clicking element 'Xpath://html/body/nav/div/div/div/div/ul/li[3]/a'.</msg>
<status status="PASS" starttime="20220422 14:01:19.379" endtime="20220422 14:01:19.760"/>
</kw>
<kw name="Sleep" library="BuiltIn">
<arg>1s</arg>
<doc>Pauses the test executed for the given time.</doc>
<msg timestamp="20220422 14:01:20.764" level="INFO">Slept 1 second</msg>
<status status="PASS" starttime="20220422 14:01:19.762" endtime="20220422 14:01:20.764"/>
</kw>
<doc>this is update the seller details</doc>
<tag>seller</tag>
<status status="PASS" starttime="20220422 14:01:06.728" endtime="20220422 14:01:20.766"/>
</test>
<test id="s1-t19" name="Check seller update Test" line="274">
<kw name="Test email">
<kw name="Input Text" library="SeleniumLibrary">
<arg>name:email</arg>
<arg>dhanush1@gmail.com</arg>
<doc>Types the given ``text`` into the text field identified by ``locator``.</doc>
<msg timestamp="20220422 14:01:20.777" level="INFO">Typing text 'dhanush1@gmail.com' into text field 'name:email'.</msg>
<status status="PASS" starttime="20220422 14:01:20.777" endtime="20220422 14:01:21.016"/>
</kw>
<status status="PASS" starttime="20220422 14:01:20.776" endtime="20220422 14:01:21.017"/>
</kw>
<kw name="Test password">
<kw name="Input Text" library="SeleniumLibrary">
<arg>name:pass</arg>
<arg>12345</arg>
<doc>Types the given ``text`` into the text field identified by ``locator``.</doc>
<msg timestamp="20220422 14:01:21.020" level="INFO">Typing text '12345' into text field 'name:pass'.</msg>
<status status="PASS" starttime="20220422 14:01:21.020" endtime="20220422 14:01:21.178"/>
</kw>
<status status="PASS" starttime="20220422 14:01:21.019" endtime="20220422 14:01:21.180"/>
</kw>
<kw name="Sleep" library="BuiltIn">
<arg>1s</arg>
<doc>Pauses the test executed for the given time.</doc>
<msg timestamp="20220422 14:01:22.190" level="INFO">Slept 1 second</msg>
<status status="PASS" starttime="20220422 14:01:21.187" endtime="20220422 14:01:22.190"/>
</kw>
<kw name="Click Button" library="SeleniumLibrary">
<arg>Xpath:/html/body/section/div/div/div/div/div[3]/div/div[2]/div/form/div[4]/button</arg>
<doc>Clicks the button identified by ``locator``.</doc>
<msg timestamp="20220422 14:01:22.191" level="INFO">Clicking button 'Xpath:/html/body/section/div/div/div/div/div[3]/div/div[2]/div/form/div[4]/button'.</msg>
<status status="PASS" starttime="20220422 14:01:22.190" endtime="20220422 14:01:22.735"/>
</kw>
<kw name="Sleep" library="BuiltIn">
<arg>2s</arg>
<doc>Pauses the test executed for the given time.</doc>
<msg timestamp="20220422 14:01:24.760" level="INFO">Slept 2 seconds</msg>
<status status="PASS" starttime="20220422 14:01:22.758" endtime="20220422 14:01:24.761"/>
</kw>
<kw name="Click Element" library="SeleniumLibrary">
<arg>Xpath://html/body/nav/div/div/div/div/a/img</arg>
<doc>Click the element identified by ``locator``.</doc>
<msg timestamp="20220422 14:01:24.762" level="INFO">Clicking element 'Xpath://html/body/nav/div/div/div/div/a/img'.</msg>
<status status="PASS" starttime="20220422 14:01:24.761" endtime="20220422 14:01:24.833"/>
</kw>
<kw name="Sleep" library="BuiltIn">
<arg>3s</arg>
<doc>Pauses the test executed for the given time.</doc>
<msg timestamp="20220422 14:01:27.837" level="INFO">Slept 3 seconds</msg>
<status status="PASS" starttime="20220422 14:01:24.836" endtime="20220422 14:01:27.838"/>
</kw>
<kw name="Click Element" library="SeleniumLibrary">
<arg>Xpath://html/body/nav/div/div/div/div/ul/li[3]/a</arg>
<doc>Click the element identified by ``locator``.</doc>
<msg timestamp="20220422 14:01:27.840" level="INFO">Clicking element 'Xpath://html/body/nav/div/div/div/div/ul/li[3]/a'.</msg>
<status status="PASS" starttime="20220422 14:01:27.839" endtime="20220422 14:01:28.384"/>
</kw>
<kw name="Sleep" library="BuiltIn">
<arg>1s</arg>
<doc>Pauses the test executed for the given time.</doc>
<msg timestamp="20220422 14:01:29.386" level="INFO">Slept 1 second</msg>
<status status="PASS" starttime="20220422 14:01:28.385" endtime="20220422 14:01:29.387"/>
</kw>
<doc>this is for check update details to seller details</doc>
<tag>seller</tag>
<status status="PASS" starttime="20220422 14:01:20.775" endtime="20220422 14:01:29.390"/>
</test>
<test id="s1-t20" name="Admin login Test" line="287">
<kw name="Click Element" library="SeleniumLibrary">
<arg>xpath://html/body/nav/div/div/ul/li[4]/a</arg>
<doc>Click the element identified by ``locator``.</doc>
<msg timestamp="20220422 14:01:29.407" level="INFO">Clicking element 'xpath://html/body/nav/div/div/ul/li[4]/a'.</msg>
<status status="PASS" starttime="20220422 14:01:29.406" endtime="20220422 14:01:29.820"/>
</kw>
<kw name="Sleep" library="BuiltIn">
<arg>1s</arg>
<doc>Pauses the test executed for the given time.</doc>
<msg timestamp="20220422 14:01:30.823" level="INFO">Slept 1 second</msg>
<status status="PASS" starttime="20220422 14:01:29.822" endtime="20220422 14:01:30.823"/>
</kw>
<kw name="Input Text" library="SeleniumLibrary">
<arg>name:name</arg>
<arg>admin</arg>
<doc>Types the given ``text`` into the text field identified by ``locator``.</doc>
<msg timestamp="20220422 14:01:30.824" level="INFO">Typing text 'admin' into text field 'name:name'.</msg>
<status status="PASS" starttime="20220422 14:01:30.824" endtime="20220422 14:01:30.983"/>
</kw>
<kw name="Input Text" library="SeleniumLibrary">
<arg>name:pass</arg>
<arg>12345</arg>
<doc>Types the given ``text`` into the text field identified by ``locator``.</doc>
<msg timestamp="20220422 14:01:30.985" level="INFO">Typing text '12345' into text field 'name:pass'.</msg>
<status status="PASS" starttime="20220422 14:01:30.984" endtime="20220422 14:01:31.175"/>
</kw>
<kw name="Click Button" library="SeleniumLibrary">
<arg>xpath:/html/body/section/div/div/div[2]/form/div[3]/center/button</arg>
<doc>Clicks the button identified by ``locator``.</doc>
<msg timestamp="20220422 14:01:31.178" level="INFO">Clicking button 'xpath:/html/body/section/div/div/div[2]/form/div[3]/center/button'.</msg>
<status status="PASS" starttime="20220422 14:01:31.177" endtime="20220422 14:01:31.557"/>
</kw>
<kw name="Sleep" library="BuiltIn">
<arg>1s</arg>
<doc>Pauses the test executed for the given time.</doc>
<msg timestamp="20220422 14:01:32.563" level="INFO">Slept 1 second</msg>
<status status="PASS" starttime="20220422 14:01:31.562" endtime="20220422 14:01:32.563"/>
</kw>
<doc>this is for admin login</doc>
<tag>admin</tag>
<status status="PASS" starttime="20220422 14:01:29.405" endtime="20220422 14:01:32.564"/>
</test>
<test id="s1-t21" name="Seller Details in admin Test" line="296">
<kw name="Click Button" library="SeleniumLibrary">
<arg>xpath:/html/body/div[1]/div/div/h2/button</arg>
<doc>Clicks the button identified by ``locator``.</doc>
<msg timestamp="20220422 14:01:32.567" level="INFO">Clicking button 'xpath:/html/body/div[1]/div/div/h2/button'.</msg>
<status status="PASS" starttime="20220422 14:01:32.567" endtime="20220422 14:01:32.692"/>
</kw>
<kw name="Sleep" library="BuiltIn">
<arg>2s</arg>
<doc>Pauses the test executed for the given time.</doc>
<msg timestamp="20220422 14:01:34.694" level="INFO">Slept 2 seconds</msg>
<status status="PASS" starttime="20220422 14:01:32.693" endtime="20220422 14:01:34.695"/>
</kw>
<kw name="Execute Javascript" library="SeleniumLibrary">
<arg>window.scrollTo(0,600)</arg>
<doc>Executes the given JavaScript code with possible arguments.</doc>
<msg timestamp="20220422 14:01:34.698" level="INFO">Executing JavaScript:
window.scrollTo(0,600)
Without any arguments.</msg>
<status status="PASS" starttime="20220422 14:01:34.697" endtime="20220422 14:01:34.710"/>
</kw>
<kw name="Sleep" library="BuiltIn">
<arg>3s</arg>
<doc>Pauses the test executed for the given time.</doc>
<msg timestamp="20220422 14:01:37.713" level="INFO">Slept 3 seconds</msg>
<status status="PASS" starttime="20220422 14:01:34.712" endtime="20220422 14:01:37.713"/>
</kw>
<kw name="Execute Javascript" library="SeleniumLibrary">
<arg>window.scrollTo(0,-600)</arg>
<doc>Executes the given JavaScript code with possible arguments.</doc>
<msg timestamp="20220422 14:01:37.714" level="INFO">Executing JavaScript:
window.scrollTo(0,-600)
Without any arguments.</msg>
<status status="PASS" starttime="20220422 14:01:37.714" endtime="20220422 14:01:37.720"/>
</kw>
<kw name="Sleep" library="BuiltIn">
<arg>2s</arg>
<doc>Pauses the test executed for the given time.</doc>
<msg timestamp="20220422 14:01:39.722" level="INFO">Slept 2 seconds</msg>
<status status="PASS" starttime="20220422 14:01:37.721" endtime="20220422 14:01:39.722"/>
</kw>
<doc>this is for admin login</doc>
<tag>admin</tag>
<status status="PASS" starttime="20220422 14:01:32.566" endtime="20220422 14:01:39.723"/>
</test>
<test id="s1-t22" name="User Details in Admin Test" line="305">
<kw name="Click Element" library="SeleniumLibrary">
<arg>xpath:/html/body/nav/div/div/ul/li[2]/a</arg>
<doc>Click the element identified by ``locator``.</doc>
<msg timestamp="20220422 14:01:39.733" level="INFO">Clicking element 'xpath:/html/body/nav/div/div/ul/li[2]/a'.</msg>
<status status="PASS" starttime="20220422 14:01:39.731" endtime="20220422 14:01:40.102"/>
</kw>
<kw name="Sleep" library="BuiltIn">
<arg>2s</arg>
<doc>Pauses the test executed for the given time.</doc>
<msg timestamp="20220422 14:01:42.105" level="INFO">Slept 2 seconds</msg>
<status status="PASS" starttime="20220422 14:01:40.104" endtime="20220422 14:01:42.105"/>
</kw>
<kw name="Click Button" library="SeleniumLibrary">
<arg>xpath:/html/body/div[1]/div/div/h2/button</arg>
<doc>Clicks the button identified by ``locator``.</doc>
<msg timestamp="20220422 14:01:42.107" level="INFO">Clicking button 'xpath:/html/body/div[1]/div/div/h2/button'.</msg>
<status status="PASS" starttime="20220422 14:01:42.106" endtime="20220422 14:01:42.230"/>
</kw>
<kw name="Sleep" library="BuiltIn">
<arg>2s</arg>
<doc>Pauses the test executed for the given time.</doc>
<msg timestamp="20220422 14:01:44.234" level="INFO">Slept 2 seconds</msg>
<status status="PASS" starttime="20220422 14:01:42.232" endtime="20220422 14:01:44.234"/>
</kw>
<kw name="Execute Javascript" library="SeleniumLibrary">
<arg>window.scrollTo(0,600)</arg>
<doc>Executes the given JavaScript code with possible arguments.</doc>
<msg timestamp="20220422 14:01:44.236" level="INFO">Executing JavaScript:
window.scrollTo(0,600)
Without any arguments.</msg>
<status status="PASS" starttime="20220422 14:01:44.235" endtime="20220422 14:01:44.255"/>
</kw>
<kw name="Sleep" library="BuiltIn">
<arg>3s</arg>
<doc>Pauses the test executed for the given time.</doc>
<msg timestamp="20220422 14:01:47.268" level="INFO">Slept 3 seconds</msg>
<status status="PASS" starttime="20220422 14:01:44.267" endtime="20220422 14:01:47.268"/>
</kw>
<kw name="Execute Javascript" library="SeleniumLibrary">
<arg>window.scrollTo(0,-600)</arg>
<doc>Executes the given JavaScript code with possible arguments.</doc>
<msg timestamp="20220422 14:01:47.270" level="INFO">Executing JavaScript:
window.scrollTo(0,-600)
Without any arguments.</msg>
<status status="PASS" starttime="20220422 14:01:47.269" endtime="20220422 14:01:47.295"/>
</kw>
<kw name="Sleep" library="BuiltIn">
<arg>1s</arg>
<doc>Pauses the test executed for the given time.</doc>
<msg timestamp="20220422 14:01:48.298" level="INFO">Slept 1 second</msg>
<status status="PASS" starttime="20220422 14:01:47.298" endtime="20220422 14:01:48.299"/>
</kw>
<kw name="Click Element" library="SeleniumLibrary">
<arg>xpath:/html/body/nav/div/div/ul/li[3]/a</arg>
<doc>Click the element identified by ``locator``.</doc>
<msg timestamp="20220422 14:01:48.302" level="INFO">Clicking element 'xpath:/html/body/nav/div/div/ul/li[3]/a'.</msg>
<status status="PASS" starttime="20220422 14:01:48.301" endtime="20220422 14:01:48.948"/>
</kw>
<kw name="Sleep" library="BuiltIn">
<arg>2s</arg>
<doc>Pauses the test executed for the given time.</doc>
<msg timestamp="20220422 14:01:50.952" level="INFO">Slept 2 seconds</msg>
<status status="PASS" starttime="20220422 14:01:48.950" endtime="20220422 14:01:50.952"/>
</kw>
<doc>this is for admin login</doc>
<tag>admin</tag>
<status status="PASS" starttime="20220422 14:01:39.728" endtime="20220422 14:01:50.953"/>
</test>
<test id="s1-t23" name="About website Test" line="318">
<kw name="Click Element" library="SeleniumLibrary">
<arg>xpath:/html/body/nav/div/div/ul/li[5]/a</arg>
<doc>Click the element identified by ``locator``.</doc>
<msg timestamp="20220422 14:01:50.956" level="INFO">Clicking element 'xpath:/html/body/nav/div/div/ul/li[5]/a'.</msg>
<status status="PASS" starttime="20220422 14:01:50.956" endtime="20220422 14:01:51.992"/>
</kw>
<kw name="Sleep" library="BuiltIn">
<arg>1s</arg>
<doc>Pauses the test executed for the given time.</doc>
<msg timestamp="20220422 14:01:52.994" level="INFO">Slept 1 second</msg>
<status status="PASS" starttime="20220422 14:01:51.992" endtime="20220422 14:01:52.994"/>
</kw>
<kw name="Execute Javascript" library="SeleniumLibrary">
<arg>window.scrollTo(0,900)</arg>
<doc>Executes the given JavaScript code with possible arguments.</doc>
<msg timestamp="20220422 14:01:52.995" level="INFO">Executing JavaScript:
window.scrollTo(0,900)
Without any arguments.</msg>
<status status="PASS" starttime="20220422 14:01:52.995" endtime="20220422 14:01:53.005"/>
</kw>
<kw name="Sleep" library="BuiltIn">
<arg>3s</arg>
<doc>Pauses the test executed for the given time.</doc>
<msg timestamp="20220422 14:01:56.007" level="INFO">Slept 3 seconds</msg>
<status status="PASS" starttime="20220422 14:01:53.005" endtime="20220422 14:01:56.007"/>
</kw>
<kw name="Execute Javascript" library="SeleniumLibrary">
<arg>window.scrollTo(0,-900)</arg>
<doc>Executes the given JavaScript code with possible arguments.</doc>
<msg timestamp="20220422 14:01:56.008" level="INFO">Executing JavaScript:
window.scrollTo(0,-900)
Without any arguments.</msg>
<status status="PASS" starttime="20220422 14:01:56.007" endtime="20220422 14:01:56.014"/>
</kw>
<kw name="Sleep" library="BuiltIn">
<arg>4s</arg>
<doc>Pauses the test executed for the given time.</doc>
<msg timestamp="20220422 14:02:00.016" level="INFO">Slept 4 seconds</msg>
<status status="PASS" starttime="20220422 14:01:56.014" endtime="20220422 14:02:00.016"/>
</kw>
<kw name="Close Browser" library="SeleniumLibrary">
<doc>Closes the current browser.</doc>
<status status="PASS" starttime="20220422 14:02:00.018" endtime="20220422 14:02:02.708"/>
</kw>
<doc>this is for about website</doc>
<tag>Onestop</tag>
<status status="PASS" starttime="20220422 14:01:50.955" endtime="20220422 14:02:02.718"/>
</test>
<status status="PASS" starttime="20220422 13:58:51.759" endtime="20220422 14:02:02.739"/>
</suite>
<statistics>
<total>
<stat pass="23" fail="0" skip="0">All Tests</stat>
</total>
<tag>
<stat pass="3" fail="0" skip="0">admin</stat>
<stat pass="1" fail="0" skip="0">Onestop</stat>
<stat pass="8" fail="0" skip="0">seller</stat>
<stat pass="11" fail="0" skip="0">User</stat>
</tag>
<suite>
<stat pass="23" fail="0" skip="0" id="s1" name="App">App</stat>
</suite>
</statistics>
<errors>
</errors>
</robot>
